<?xml-stylesheet type='text/xsl' href='coverage.xsl'?>
<CoverageSession>
  <Modules>
    <Module hash="aa31a337-8cb4-4cec-b256-e3cb47a8542f">
      <FullName>Analyzer.Data</FullName>
      <ModuleName>Analyzer.Data</ModuleName>
      <Files>
        <File uid="1" fullPath="C:\Systems\GD3\source\Analyzer.Data\SourceRepository\SourceControlRepository.cs" />
        <File uid="2" fullPath="C:\Systems\GD3\source\Analyzer.Data\SourceRepository\SourceControlRepositoryBuilder.cs" />
      </Files>
      <Classes>
        <Class>
          <FullName>Analyzer.Data.SourceRepository.SourceControlRepository</FullName>
          <Methods>
            <Method visited="false" isConstructor="false">
              <Name>Analyzer.Domain.Reporting.ReportingPeriod Analyzer.Data.SourceRepository.SourceControlRepository::get_ReportingRange()</Name>
              <FileRef uid="1" />
              <SequencePoints>
                <SequencePoint vc="0" uspid="1" ordinal="1" sl="18" sc="49" el="18" ec="53" />
              </SequencePoints>
            </Method>
            <Method visited="false" isConstructor="false">
              <Name>System.Void Analyzer.Data.SourceRepository.SourceControlRepository::set_ReportingRange(Analyzer.Domain.Reporting.ReportingPeriod)</Name>
              <FileRef uid="1" />
              <SequencePoints>
                <SequencePoint vc="0" uspid="2" ordinal="1" sl="18" sc="54" el="18" ec="66" />
              </SequencePoints>
            </Method>
            <Method visited="false" isConstructor="true">
              <Name>System.Void Analyzer.Data.SourceRepository.SourceControlRepository::.ctor(LibGit2Sharp.Repository,Analyzer.Domain.Reporting.ReportingPeriod,System.String,System.Collections.Generic.List`1&lt;System.String&gt;)</Name>
              <FileRef uid="1" />
              <SequencePoints>
                <SequencePoint vc="0" uspid="3" ordinal="1" sl="20" sc="9" el="20" ec="139" />
                <SequencePoint vc="0" uspid="4" ordinal="2" sl="22" sc="13" el="22" ec="38" />
                <SequencePoint vc="0" uspid="5" ordinal="3" sl="23" sc="13" el="23" ec="30" />
                <SequencePoint vc="0" uspid="6" ordinal="4" sl="24" sc="13" el="24" ec="46" />
                <SequencePoint vc="0" uspid="7" ordinal="5" sl="26" sc="13" el="26" ec="46" />
              </SequencePoints>
            </Method>
            <Method visited="false" isConstructor="false">
              <Name>System.Collections.Generic.IEnumerable`1&lt;Analyzer.Domain.Developer.Author&gt; Analyzer.Data.SourceRepository.SourceControlRepository::List_Authors(System.Collections.Generic.List`1&lt;Analyzer.Domain.Developer.Alias&gt;)</Name>
              <FileRef uid="1" />
              <SequencePoints>
                <SequencePoint vc="0" uspid="8" ordinal="1" sl="31" sc="13" el="31" ec="42" />
                <SequencePoint vc="0" uspid="9" ordinal="2" sl="34" sc="13" el="34" ec="66" />
                <SequencePoint vc="0" uspid="10" ordinal="3" sl="39" sc="13" el="39" ec="20" />
                <SequencePoint vc="0" uspid="11" ordinal="4" sl="39" sc="36" el="39" ec="43" />
                <SequencePoint vc="0" uspid="12" ordinal="5" sl="39" sc="22" el="39" ec="32" />
                <SequencePoint vc="0" uspid="13" ordinal="6" sl="39" sc="33" el="39" ec="35" />
                <SequencePoint vc="0" uspid="14" ordinal="7" sl="44" sc="13" el="44" ec="28" />
              </SequencePoints>
            </Method>
            <Method visited="false" isConstructor="false">
              <Name>System.Collections.Generic.IEnumerable`1&lt;Analyzer.Domain.Developer.Author&gt; Analyzer.Data.SourceRepository.SourceControlRepository::List_Authors()</Name>
              <FileRef uid="1" />
              <SequencePoints>
                <SequencePoint vc="0" uspid="15" ordinal="1" sl="49" sc="13" el="56" ec="32" />
                <SequencePoint vc="0" uspid="16" ordinal="2" sl="57" sc="13" el="57" ec="28" />
              </SequencePoints>
            </Method>
            <Method visited="false" isConstructor="false">
              <Name>System.Collections.Generic.List`1&lt;Analyzer.Domain.Developer.DeveloperStats&gt; Analyzer.Data.SourceRepository.SourceControlRepository::Build_Individual_Developer_Stats(System.Collections.Generic.IEnumerable`1&lt;Analyzer.Domain.Developer.Author&gt;)</Name>
              <FileRef uid="1" />
              <SequencePoints>
                <SequencePoint vc="0" uspid="17" ordinal="1" sl="62" sc="13" el="62" ec="53" />
                <SequencePoint vc="0" uspid="18" ordinal="2" sl="63" sc="13" el="63" ec="20" />
                <SequencePoint vc="0" uspid="19" ordinal="3" sl="63" sc="39" el="63" ec="46" />
                <SequencePoint vc="0" uspid="20" ordinal="4" sl="63" sc="22" el="63" ec="35" />
                <SequencePoint vc="0" uspid="21" ordinal="5" sl="63" sc="36" el="63" ec="38" />
                <SequencePoint vc="0" uspid="22" ordinal="6" sl="65" sc="17" el="65" ec="59" />
                <SequencePoint vc="0" uspid="23" ordinal="7" sl="66" sc="17" el="79" ec="19" />
                <SequencePoint vc="0" uspid="24" ordinal="8" sl="80" sc="17" el="80" ec="35" />
                <SequencePoint vc="0" uspid="25" ordinal="9" sl="83" sc="13" el="83" ec="27" />
              </SequencePoints>
            </Method>
            <Method visited="false" isConstructor="false">
              <Name>Analyzer.Domain.Team.TeamStatsCollection Analyzer.Data.SourceRepository.SourceControlRepository::Build_Team_Stats()</Name>
              <FileRef uid="1" />
              <SequencePoints>
                <SequencePoint vc="0" uspid="26" ordinal="1" sl="88" sc="13" el="88" ec="51" />
                <SequencePoint vc="0" uspid="27" ordinal="2" sl="90" sc="13" el="90" ec="71" />
                <SequencePoint vc="0" uspid="28" ordinal="3" sl="91" sc="13" el="91" ec="40" />
                <SequencePoint vc="0" uspid="29" ordinal="4" sl="93" sc="13" el="93" ec="20" />
                <SequencePoint vc="0" uspid="30" ordinal="5" sl="93" sc="34" el="93" ec="43" />
                <SequencePoint vc="0" uspid="31" ordinal="6" sl="93" sc="22" el="93" ec="30" />
                <SequencePoint vc="0" uspid="32" ordinal="7" sl="93" sc="31" el="93" ec="33" />
                <SequencePoint vc="0" uspid="33" ordinal="8" sl="95" sc="17" el="96" ec="80" />
                <SequencePoint vc="0" uspid="34" ordinal="9" sl="97" sc="17" el="99" ec="57" />
                <SequencePoint vc="0" uspid="35" ordinal="10" sl="100" sc="17" el="105" ec="20" />
                <SequencePoint vc="0" uspid="36" ordinal="11" sl="108" sc="13" el="108" ec="80" />
              </SequencePoints>
            </Method>
            <Method visited="false" isConstructor="false">
              <Name>System.Int32 Analyzer.Data.SourceRepository.SourceControlRepository::Period_Active_Days(Analyzer.Domain.Developer.Author)</Name>
              <FileRef uid="1" />
              <SequencePoints>
                <SequencePoint vc="0" uspid="37" ordinal="1" sl="113" sc="13" el="119" ec="41" />
                <SequencePoint vc="0" uspid="38" ordinal="2" sl="121" sc="13" el="121" ec="39" />
              </SequencePoints>
            </Method>
            <Method visited="false" isConstructor="false">
              <Name>System.Double Analyzer.Data.SourceRepository.SourceControlRepository::Active_Days_Per_Week(Analyzer.Domain.Developer.Author)</Name>
              <FileRef uid="1" />
              <SequencePoints>
                <SequencePoint vc="0" uspid="39" ordinal="1" sl="126" sc="13" el="126" ec="57" />
                <SequencePoint vc="0" uspid="40" ordinal="2" sl="127" sc="13" el="127" ec="55" />
                <SequencePoint vc="0" uspid="41" ordinal="3" sl="128" sc="13" el="128" ec="54" />
              </SequencePoints>
            </Method>
            <Method visited="false" isConstructor="false">
              <Name>System.Double Analyzer.Data.SourceRepository.SourceControlRepository::Commits_Per_Day(Analyzer.Domain.Developer.Author)</Name>
              <FileRef uid="1" />
              <SequencePoints>
                <SequencePoint vc="0" uspid="42" ordinal="1" sl="133" sc="13" el="133" ec="71" />
                <SequencePoint vc="0" uspid="43" ordinal="2" sl="134" sc="13" el="135" ec="83" />
                <SequencePoint vc="0" uspid="44" ordinal="3" sl="137" sc="13" el="137" ec="60" />
                <SequencePoint vc="0" uspid="45" ordinal="4" sl="139" sc="17" el="139" ec="28" />
                <SequencePoint vc="0" uspid="46" ordinal="5" sl="142" sc="13" el="142" ec="67" />
              </SequencePoints>
            </Method>
            <Method visited="false" isConstructor="false">
              <Name>System.Double Analyzer.Data.SourceRepository.SourceControlRepository::Impact(Analyzer.Domain.Developer.Author)</Name>
              <FileRef uid="1" />
              <SequencePoints>
                <SequencePoint vc="0" uspid="47" ordinal="1" sl="154" sc="13" el="154" ec="34" />
                <SequencePoint vc="0" uspid="48" ordinal="2" sl="155" sc="13" el="156" ec="91" />
                <SequencePoint vc="0" uspid="49" ordinal="3" sl="157" sc="13" el="157" ec="20" />
                <SequencePoint vc="0" uspid="50" ordinal="4" sl="157" sc="36" el="157" ec="52" />
                <SequencePoint vc="0" uspid="51" ordinal="5" sl="157" sc="22" el="157" ec="32" />
                <SequencePoint vc="0" uspid="52" ordinal="6" sl="157" sc="33" el="157" ec="35" />
                <SequencePoint vc="0" uspid="53" ordinal="7" sl="159" sc="17" el="159" ec="24" />
                <SequencePoint vc="0" uspid="54" ordinal="8" sl="159" sc="40" el="159" ec="54" />
                <SequencePoint vc="0" uspid="55" ordinal="9" sl="159" sc="26" el="159" ec="36" />
                <SequencePoint vc="0" uspid="56" ordinal="10" sl="159" sc="37" el="159" ec="39" />
                <SequencePoint vc="0" uspid="57" ordinal="11" sl="161" sc="21" el="161" ec="97" />
                <SequencePoint vc="0" uspid="58" ordinal="12" sl="162" sc="21" el="162" ec="78" />
                <SequencePoint vc="0" uspid="59" ordinal="13" sl="163" sc="21" el="163" ec="64" />
                <SequencePoint vc="0" uspid="60" ordinal="14" sl="167" sc="13" el="167" ec="52" />
              </SequencePoints>
            </Method>
            <Method visited="false" isConstructor="false">
              <Name>Analyzer.Domain.Reporting.Impact Analyzer.Data.SourceRepository.SourceControlRepository::CalculateImpactStats(LibGit2Sharp.Patch)</Name>
              <FileRef uid="1" />
              <SequencePoints>
                <SequencePoint vc="0" uspid="61" ordinal="1" sl="172" sc="13" el="172" ec="39" />
                <SequencePoint vc="0" uspid="62" ordinal="2" sl="173" sc="13" el="173" ec="20" />
                <SequencePoint vc="0" uspid="63" ordinal="3" sl="173" sc="34" el="173" ec="45" />
                <SequencePoint vc="0" uspid="64" ordinal="4" sl="173" sc="22" el="173" ec="30" />
                <SequencePoint vc="0" uspid="65" ordinal="5" sl="173" sc="31" el="173" ec="33" />
                <SequencePoint vc="0" uspid="66" ordinal="6" sl="175" sc="17" el="175" ec="47" />
                <SequencePoint vc="0" uspid="67" ordinal="7" sl="177" sc="21" el="177" ec="30" />
                <SequencePoint vc="0" uspid="68" ordinal="8" sl="180" sc="17" el="180" ec="40" />
                <SequencePoint vc="0" uspid="69" ordinal="9" sl="181" sc="17" el="181" ec="86" />
                <SequencePoint vc="0" uspid="70" ordinal="10" sl="182" sc="17" el="182" ec="80" />
                <SequencePoint vc="0" uspid="71" ordinal="11" sl="183" sc="17" el="183" ec="56" />
                <SequencePoint vc="0" uspid="72" ordinal="12" sl="185" sc="21" el="185" ec="87" />
                <SequencePoint vc="0" uspid="73" ordinal="13" sl="189" sc="13" el="189" ec="27" />
              </SequencePoints>
            </Method>
            <Method visited="false" isConstructor="false">
              <Name>System.Boolean Analyzer.Data.SourceRepository.SourceControlRepository::FileShouldBeIgnored(LibGit2Sharp.PatchEntryChanges)</Name>
              <FileRef uid="1" />
              <SequencePoints>
                <SequencePoint vc="0" uspid="74" ordinal="1" sl="194" sc="13" el="194" ec="80" />
              </SequencePoints>
            </Method>
            <Method visited="false" isConstructor="false">
              <Name>Analyzer.Domain.Reporting.LinesOfChange Analyzer.Data.SourceRepository.SourceControlRepository::Change_Stats(Analyzer.Domain.Developer.Author)</Name>
              <FileRef uid="1" />
              <SequencePoints>
                <SequencePoint vc="0" uspid="75" ordinal="1" sl="199" sc="13" el="199" ec="46" />
                <SequencePoint vc="0" uspid="76" ordinal="2" sl="201" sc="13" el="203" ec="51" />
                <SequencePoint vc="0" uspid="77" ordinal="3" sl="204" sc="13" el="204" ec="20" />
                <SequencePoint vc="0" uspid="78" ordinal="4" sl="204" sc="36" el="204" ec="52" />
                <SequencePoint vc="0" uspid="79" ordinal="5" sl="204" sc="22" el="204" ec="32" />
                <SequencePoint vc="0" uspid="80" ordinal="6" sl="204" sc="33" el="204" ec="35" />
                <SequencePoint vc="0" uspid="81" ordinal="7" sl="206" sc="17" el="206" ec="43" />
                <SequencePoint vc="0" uspid="82" ordinal="8" sl="208" sc="21" el="208" ec="89" />
                <SequencePoint vc="0" uspid="83" ordinal="9" sl="209" sc="21" el="209" ec="59" />
                <SequencePoint vc="0" uspid="84" ordinal="10" sl="210" sc="21" el="210" ec="63" />
                <SequencePoint vc="0" uspid="85" ordinal="11" sl="211" sc="21" el="211" ec="30" />
                <SequencePoint vc="0" uspid="86" ordinal="12" sl="214" sc="17" el="214" ec="24" />
                <SequencePoint vc="0" uspid="87" ordinal="13" sl="214" sc="40" el="214" ec="54" />
                <SequencePoint vc="0" uspid="88" ordinal="14" sl="214" sc="26" el="214" ec="36" />
                <SequencePoint vc="0" uspid="89" ordinal="15" sl="214" sc="37" el="214" ec="39" />
                <SequencePoint vc="0" uspid="90" ordinal="16" sl="216" sc="21" el="216" ec="96" />
                <SequencePoint vc="0" uspid="91" ordinal="17" sl="217" sc="21" el="217" ec="59" />
                <SequencePoint vc="0" uspid="92" ordinal="18" sl="218" sc="21" el="218" ec="63" />
                <SequencePoint vc="0" uspid="93" ordinal="19" sl="222" sc="13" el="222" ec="109" />
                <SequencePoint vc="0" uspid="94" ordinal="20" sl="223" sc="13" el="223" ec="91" />
                <SequencePoint vc="0" uspid="95" ordinal="21" sl="224" sc="13" el="224" ec="73" />
                <SequencePoint vc="0" uspid="96" ordinal="22" sl="225" sc="13" el="225" ec="75" />
                <SequencePoint vc="0" uspid="97" ordinal="23" sl="227" sc="13" el="227" ec="27" />
              </SequencePoints>
            </Method>
            <Method visited="false" isConstructor="false">
              <Name>System.Double Analyzer.Data.SourceRepository.SourceControlRepository::Calculate_Lines_Per_Hour(Analyzer.Domain.Developer.Author,System.Double)</Name>
              <FileRef uid="1" />
              <SequencePoints>
                <SequencePoint vc="0" uspid="98" ordinal="1" sl="232" sc="13" el="232" ec="97" />
                <SequencePoint vc="0" uspid="99" ordinal="2" sl="233" sc="13" el="233" ec="67" />
                <SequencePoint vc="0" uspid="100" ordinal="3" sl="234" sc="13" el="234" ec="48" />
              </SequencePoints>
            </Method>
            <Method visited="false" isConstructor="false">
              <Name>System.Collections.Generic.IEnumerable`1&lt;LibGit2Sharp.Commit&gt; Analyzer.Data.SourceRepository.SourceControlRepository::GetCommits()</Name>
              <FileRef uid="1" />
              <SequencePoints>
                <SequencePoint vc="0" uspid="101" ordinal="1" sl="239" sc="13" el="242" ec="15" />
                <SequencePoint vc="0" uspid="102" ordinal="2" sl="244" sc="13" el="244" ec="29" />
                <SequencePoint vc="0" uspid="103" ordinal="3" sl="246" sc="17" el="246" ec="64" />
                <SequencePoint vc="0" uspid="104" ordinal="4" sl="249" sc="13" el="249" ec="65" />
                <SequencePoint vc="0" uspid="105" ordinal="5" sl="251" sc="13" el="253" ec="72" />
              </SequencePoints>
            </Method>
            <Method visited="false" isConstructor="false">
              <Name>System.Boolean Analyzer.Data.SourceRepository.SourceControlRepository::NotMaster()</Name>
              <FileRef uid="1" />
              <SequencePoints>
                <SequencePoint vc="0" uspid="106" ordinal="1" sl="258" sc="13" el="258" ec="38" />
              </SequencePoints>
            </Method>
            <Method visited="false" isConstructor="false">
              <Name>System.Boolean Analyzer.Data.SourceRepository.SourceControlRepository::&lt;GetCommits&gt;b__20_0(LibGit2Sharp.Commit)</Name>
              <FileRef uid="1" />
              <SequencePoints>
                <SequencePoint vc="0" uspid="107" ordinal="1" sl="252" sc="29" el="253" ec="70" />
              </SequencePoints>
            </Method>
          </Methods>
        </Class>
        <Class>
          <FullName>Analyzer.Data.SourceRepository.SourceControlRepository/&lt;&gt;c</FullName>
          <Methods>
            <Method visited="false" isConstructor="false">
              <Name>System.String Analyzer.Data.SourceRepository.SourceControlRepository/&lt;&gt;c::&lt;List_Authors&gt;b__9_0(LibGit2Sharp.Commit)</Name>
              <FileRef uid="1" />
              <SequencePoints>
                <SequencePoint vc="0" uspid="108" ordinal="1" sl="50" sc="43" el="50" ec="57" />
                <SequencePoint vc="0" uspid="109" ordinal="2" sl="50" sc="43" el="50" ec="57" />
              </SequencePoints>
            </Method>
            <Method visited="false" isConstructor="false">
              <Name>LibGit2Sharp.Commit Analyzer.Data.SourceRepository.SourceControlRepository/&lt;&gt;c::&lt;List_Authors&gt;b__9_1(System.Linq.IGrouping`2&lt;System.String,LibGit2Sharp.Commit&gt;)</Name>
              <FileRef uid="1" />
              <SequencePoints>
                <SequencePoint vc="0" uspid="110" ordinal="1" sl="51" sc="42" el="51" ec="51" />
                <SequencePoint vc="0" uspid="111" ordinal="2" sl="51" sc="42" el="51" ec="51" />
              </SequencePoints>
            </Method>
            <Method visited="false" isConstructor="false">
              <Name>Analyzer.Domain.Developer.Author Analyzer.Data.SourceRepository.SourceControlRepository/&lt;&gt;c::&lt;List_Authors&gt;b__9_2(LibGit2Sharp.Commit)</Name>
              <FileRef uid="1" />
              <SequencePoints>
                <SequencePoint vc="0" uspid="112" ordinal="1" sl="52" sc="42" el="56" ec="30" />
                <SequencePoint vc="0" uspid="113" ordinal="2" sl="52" sc="42" el="56" ec="30" />
              </SequencePoints>
            </Method>
            <Method visited="false" isConstructor="false">
              <Name>System.String Analyzer.Data.SourceRepository.SourceControlRepository/&lt;&gt;c::&lt;Build_Team_Stats&gt;b__11_1(LibGit2Sharp.Commit)</Name>
              <FileRef uid="1" />
              <SequencePoints>
                <SequencePoint vc="0" uspid="114" ordinal="1" sl="98" sc="47" el="98" ec="61" />
                <SequencePoint vc="0" uspid="115" ordinal="2" sl="98" sc="47" el="98" ec="61" />
              </SequencePoints>
            </Method>
            <Method visited="false" isConstructor="false">
              <Name>LibGit2Sharp.Commit Analyzer.Data.SourceRepository.SourceControlRepository/&lt;&gt;c::&lt;Build_Team_Stats&gt;b__11_2(System.Linq.IGrouping`2&lt;System.String,LibGit2Sharp.Commit&gt;)</Name>
              <FileRef uid="1" />
              <SequencePoints>
                <SequencePoint vc="0" uspid="116" ordinal="1" sl="99" sc="46" el="99" ec="55" />
                <SequencePoint vc="0" uspid="117" ordinal="2" sl="99" sc="46" el="99" ec="55" />
              </SequencePoints>
            </Method>
            <Method visited="false" isConstructor="false">
              <Name>&lt;&gt;f__AnonymousType0`1&lt;System.DateTime&gt; Analyzer.Data.SourceRepository.SourceControlRepository/&lt;&gt;c::&lt;Period_Active_Days&gt;b__12_1(LibGit2Sharp.Commit)</Name>
              <FileRef uid="1" />
              <SequencePoints>
                <SequencePoint vc="0" uspid="118" ordinal="1" sl="115" sc="30" el="118" ec="18" />
                <SequencePoint vc="0" uspid="119" ordinal="2" sl="115" sc="30" el="118" ec="18" />
              </SequencePoints>
            </Method>
            <Method visited="false" isConstructor="false">
              <Name>System.DateTime Analyzer.Data.SourceRepository.SourceControlRepository/&lt;&gt;c::&lt;Period_Active_Days&gt;b__12_2(&lt;&gt;f__AnonymousType0`1&lt;System.DateTime&gt;)</Name>
              <FileRef uid="1" />
              <SequencePoints>
                <SequencePoint vc="0" uspid="120" ordinal="1" sl="118" sc="33" el="118" ec="39" />
                <SequencePoint vc="0" uspid="121" ordinal="2" sl="118" sc="33" el="118" ec="39" />
              </SequencePoints>
            </Method>
            <Method visited="false" isConstructor="false">
              <Name>&lt;&gt;f__AnonymousType0`1&lt;System.DateTime&gt; Analyzer.Data.SourceRepository.SourceControlRepository/&lt;&gt;c::&lt;Period_Active_Days&gt;b__12_3(System.Linq.IGrouping`2&lt;System.DateTime,&lt;&gt;f__AnonymousType0`1&lt;System.DateTime&gt;&gt;)</Name>
              <FileRef uid="1" />
              <SequencePoints>
                <SequencePoint vc="0" uspid="122" ordinal="1" sl="119" sc="30" el="119" ec="39" />
                <SequencePoint vc="0" uspid="123" ordinal="2" sl="119" sc="30" el="119" ec="39" />
              </SequencePoints>
            </Method>
            <Method visited="false" isConstructor="false">
              <Name>System.DateTime Analyzer.Data.SourceRepository.SourceControlRepository/&lt;&gt;c::&lt;Change_Stats&gt;b__18_1(LibGit2Sharp.Commit)</Name>
              <FileRef uid="1" />
              <SequencePoints>
                <SequencePoint vc="0" uspid="124" ordinal="1" sl="203" sc="31" el="203" ec="49" />
                <SequencePoint vc="0" uspid="125" ordinal="2" sl="203" sc="31" el="203" ec="49" />
              </SequencePoints>
            </Method>
          </Methods>
        </Class>
        <Class>
          <FullName>Analyzer.Data.SourceRepository.SourceControlRepository/&lt;&gt;c__DisplayClass11_0</FullName>
          <Methods>
            <Method visited="false" isConstructor="false">
              <Name>System.Boolean Analyzer.Data.SourceRepository.SourceControlRepository/&lt;&gt;c__DisplayClass11_0::&lt;Build_Team_Stats&gt;b__0(LibGit2Sharp.Commit)</Name>
              <FileRef uid="1" />
              <SequencePoints>
                <SequencePoint vc="0" uspid="126" ordinal="1" sl="96" sc="47" el="96" ec="78" />
                <SequencePoint vc="0" uspid="127" ordinal="2" sl="96" sc="47" el="96" ec="78" />
              </SequencePoints>
            </Method>
          </Methods>
        </Class>
        <Class>
          <FullName>Analyzer.Data.SourceRepository.SourceControlRepository/&lt;&gt;c__DisplayClass12_0</FullName>
          <Methods>
            <Method visited="false" isConstructor="false">
              <Name>System.Boolean Analyzer.Data.SourceRepository.SourceControlRepository/&lt;&gt;c__DisplayClass12_0::&lt;Period_Active_Days&gt;b__0(LibGit2Sharp.Commit)</Name>
              <FileRef uid="1" />
              <SequencePoints>
                <SequencePoint vc="0" uspid="128" ordinal="1" sl="114" sc="29" el="114" ec="67" />
                <SequencePoint vc="0" uspid="129" ordinal="2" sl="114" sc="29" el="114" ec="67" />
              </SequencePoints>
            </Method>
          </Methods>
        </Class>
        <Class>
          <FullName>Analyzer.Data.SourceRepository.SourceControlRepository/&lt;&gt;c__DisplayClass14_0</FullName>
          <Methods>
            <Method visited="false" isConstructor="false">
              <Name>System.Boolean Analyzer.Data.SourceRepository.SourceControlRepository/&lt;&gt;c__DisplayClass14_0::&lt;Commits_Per_Day&gt;b__0(LibGit2Sharp.Commit)</Name>
              <FileRef uid="1" />
              <SequencePoints>
                <SequencePoint vc="0" uspid="130" ordinal="1" sl="135" sc="43" el="135" ec="81" />
                <SequencePoint vc="0" uspid="131" ordinal="2" sl="135" sc="43" el="135" ec="81" />
              </SequencePoints>
            </Method>
          </Methods>
        </Class>
        <Class>
          <FullName>Analyzer.Data.SourceRepository.SourceControlRepository/&lt;&gt;c__DisplayClass15_0</FullName>
          <Methods>
            <Method visited="false" isConstructor="false">
              <Name>System.Boolean Analyzer.Data.SourceRepository.SourceControlRepository/&lt;&gt;c__DisplayClass15_0::&lt;Impact&gt;b__0(LibGit2Sharp.Commit)</Name>
              <FileRef uid="1" />
              <SequencePoints>
                <SequencePoint vc="0" uspid="132" ordinal="1" sl="156" sc="48" el="156" ec="89" />
                <SequencePoint vc="0" uspid="133" ordinal="2" sl="156" sc="48" el="156" ec="89" />
              </SequencePoints>
            </Method>
          </Methods>
        </Class>
        <Class>
          <FullName>Analyzer.Data.SourceRepository.SourceControlRepository/&lt;&gt;c__DisplayClass17_0</FullName>
          <Methods>
            <Method visited="false" isConstructor="false">
              <Name>System.Boolean Analyzer.Data.SourceRepository.SourceControlRepository/&lt;&gt;c__DisplayClass17_0::&lt;FileShouldBeIgnored&gt;b__0(System.String)</Name>
              <FileRef uid="1" />
              <SequencePoints>
                <SequencePoint vc="0" uspid="134" ordinal="1" sl="194" sc="51" el="194" ec="78" />
                <SequencePoint vc="0" uspid="135" ordinal="2" sl="194" sc="51" el="194" ec="78" />
              </SequencePoints>
            </Method>
          </Methods>
        </Class>
        <Class>
          <FullName>Analyzer.Data.SourceRepository.SourceControlRepository/&lt;&gt;c__DisplayClass18_0</FullName>
          <Methods>
            <Method visited="false" isConstructor="false">
              <Name>System.Boolean Analyzer.Data.SourceRepository.SourceControlRepository/&lt;&gt;c__DisplayClass18_0::&lt;Change_Stats&gt;b__0(LibGit2Sharp.Commit)</Name>
              <FileRef uid="1" />
              <SequencePoints>
                <SequencePoint vc="0" uspid="136" ordinal="1" sl="202" sc="29" el="202" ec="70" />
                <SequencePoint vc="0" uspid="137" ordinal="2" sl="202" sc="29" el="202" ec="70" />
              </SequencePoints>
            </Method>
          </Methods>
        </Class>
        <Class>
          <FullName>Analyzer.Data.SourceRepository.SourceControlRepositoryBuilder</FullName>
          <Methods>
            <Method visited="true" isConstructor="true">
              <Name>System.Void Analyzer.Data.SourceRepository.SourceControlRepositoryBuilder::.ctor()</Name>
              <FileRef uid="2" />
              <SequencePoints>
                <SequencePoint vc="1" uspid="138" ordinal="1" sl="22" sc="9" el="22" ec="48" />
                <SequencePoint vc="1" uspid="139" ordinal="2" sl="24" sc="13" el="24" ec="33" />
                <SequencePoint vc="1" uspid="140" ordinal="3" sl="25" sc="13" el="25" ec="37" />
                <SequencePoint vc="1" uspid="141" ordinal="4" sl="26" sc="13" el="26" ec="30" />
                <SequencePoint vc="1" uspid="142" ordinal="5" sl="27" sc="13" el="27" ec="50" />
                <SequencePoint vc="1" uspid="143" ordinal="6" sl="28" sc="13" el="28" ec="47" />
              </SequencePoints>
            </Method>
            <Method visited="true" isConstructor="false">
              <Name>Analyzer.Data.SourceRepository.SourceControlRepositoryBuilder Analyzer.Data.SourceRepository.SourceControlRepositoryBuilder::WithPath(System.String)</Name>
              <FileRef uid="2" />
              <SequencePoints>
                <SequencePoint vc="1" uspid="144" ordinal="1" sl="33" sc="13" el="33" ec="34" />
                <SequencePoint vc="1" uspid="145" ordinal="2" sl="34" sc="13" el="34" ec="25" />
              </SequencePoints>
            </Method>
            <Method visited="true" isConstructor="false">
              <Name>Analyzer.Data.SourceRepository.SourceControlRepositoryBuilder Analyzer.Data.SourceRepository.SourceControlRepositoryBuilder::WithRange(System.DateTime,System.DateTime)</Name>
              <FileRef uid="2" />
              <SequencePoints>
                <SequencePoint vc="1" uspid="146" ordinal="1" sl="39" sc="13" el="39" ec="28" />
                <SequencePoint vc="1" uspid="147" ordinal="2" sl="40" sc="13" el="40" ec="24" />
                <SequencePoint vc="1" uspid="148" ordinal="3" sl="41" sc="13" el="41" ec="38" />
                <SequencePoint vc="1" uspid="149" ordinal="4" sl="42" sc="13" el="42" ec="25" />
              </SequencePoints>
            </Method>
            <Method visited="false" isConstructor="false">
              <Name>Analyzer.Data.SourceRepository.SourceControlRepositoryBuilder Analyzer.Data.SourceRepository.SourceControlRepositoryBuilder::WithWorkingWeekHours(System.Int32)</Name>
              <FileRef uid="2" />
              <SequencePoints>
                <SequencePoint vc="0" uspid="150" ordinal="1" sl="47" sc="13" el="47" ec="44" />
                <SequencePoint vc="0" uspid="151" ordinal="2" sl="48" sc="13" el="48" ec="25" />
              </SequencePoints>
            </Method>
            <Method visited="false" isConstructor="false">
              <Name>Analyzer.Data.SourceRepository.SourceControlRepositoryBuilder Analyzer.Data.SourceRepository.SourceControlRepositoryBuilder::WithWorkingDaysPerWeek(System.Int32)</Name>
              <FileRef uid="2" />
              <SequencePoints>
                <SequencePoint vc="0" uspid="152" ordinal="1" sl="53" sc="13" el="53" ec="54" />
                <SequencePoint vc="0" uspid="153" ordinal="2" sl="54" sc="13" el="54" ec="25" />
              </SequencePoints>
            </Method>
            <Method visited="true" isConstructor="false">
              <Name>Analyzer.Data.SourceRepository.SourceControlRepositoryBuilder Analyzer.Data.SourceRepository.SourceControlRepositoryBuilder::WithBranch(System.String)</Name>
              <FileRef uid="2" />
              <SequencePoints>
                <SequencePoint vc="1" uspid="154" ordinal="1" sl="59" sc="13" el="59" ec="30" />
                <SequencePoint vc="1" uspid="155" ordinal="2" sl="60" sc="13" el="60" ec="25" />
              </SequencePoints>
            </Method>
            <Method visited="false" isConstructor="false">
              <Name>Analyzer.Data.SourceRepository.SourceControlRepositoryBuilder Analyzer.Data.SourceRepository.SourceControlRepositoryBuilder::WithIgnorePatterns(System.Collections.Generic.IEnumerable`1&lt;System.String&gt;)</Name>
              <FileRef uid="2" />
              <SequencePoints>
                <SequencePoint vc="0" uspid="156" ordinal="1" sl="65" sc="13" el="65" ec="34" />
                <SequencePoint vc="0" uspid="157" ordinal="2" sl="65" sc="35" el="65" ec="47" />
                <SequencePoint vc="0" uspid="158" ordinal="3" sl="67" sc="13" el="67" ec="48" />
                <SequencePoint vc="0" uspid="159" ordinal="4" sl="68" sc="13" el="68" ec="25" />
              </SequencePoints>
            </Method>
            <Method visited="false" isConstructor="false">
              <Name>Analyzer.Data.SourceRepository.SourceControlRepositoryBuilder Analyzer.Data.SourceRepository.SourceControlRepositoryBuilder::WithEntireHistory()</Name>
              <FileRef uid="2" />
              <SequencePoints>
                <SequencePoint vc="0" uspid="160" ordinal="1" sl="73" sc="13" el="73" ec="37" />
                <SequencePoint vc="0" uspid="161" ordinal="2" sl="74" sc="13" el="74" ec="25" />
              </SequencePoints>
            </Method>
            <Method visited="false" isConstructor="false">
              <Name>Analyzer.Data.SourceRepository.SourceControlRepositoryBuilder Analyzer.Data.SourceRepository.SourceControlRepositoryBuilder::WithWeekends(System.Collections.Generic.IEnumerable`1&lt;System.DayOfWeek&gt;)</Name>
              <FileRef uid="2" />
              <SequencePoints>
                <SequencePoint vc="0" uspid="162" ordinal="1" sl="79" sc="13" el="79" ec="38" />
                <SequencePoint vc="0" uspid="163" ordinal="2" sl="80" sc="13" el="80" ec="25" />
              </SequencePoints>
            </Method>
            <Method visited="true" isConstructor="false">
              <Name>Analyzer.Domain.SourceRepository.ISourceControlRepository Analyzer.Data.SourceRepository.SourceControlRepositoryBuilder::Build()</Name>
              <FileRef uid="2" />
              <SequencePoints>
                <SequencePoint vc="1" uspid="164" ordinal="1" sl="85" sc="13" el="85" ec="50" />
                <SequencePoint vc="0" uspid="165" ordinal="2" sl="87" sc="17" el="87" ec="68" />
                <SequencePoint vc="1" uspid="166" ordinal="3" sl="90" sc="13" el="90" ec="56" />
                <SequencePoint vc="1" uspid="167" ordinal="4" sl="91" sc="13" el="91" ec="47" />
                <SequencePoint vc="1" uspid="168" ordinal="5" sl="93" sc="17" el="93" ec="68" />
                <SequencePoint vc="0" uspid="169" ordinal="6" sl="96" sc="13" el="96" ec="169" />
                <SequencePoint vc="0" uspid="170" ordinal="7" sl="98" sc="13" el="98" ec="34" />
                <SequencePoint vc="0" uspid="171" ordinal="8" sl="100" sc="17" el="100" ec="65" />
                <SequencePoint vc="0" uspid="172" ordinal="9" sl="103" sc="13" el="103" ec="99" />
              </SequencePoints>
            </Method>
            <Method visited="false" isConstructor="false">
              <Name>System.Void Analyzer.Data.SourceRepository.SourceControlRepositoryBuilder::MakeRangeEntireHistory(LibGit2Sharp.Repository,Analyzer.Domain.Reporting.ReportingPeriod)</Name>
              <FileRef uid="2" />
              <SequencePoints>
                <SequencePoint vc="0" uspid="173" ordinal="1" sl="108" sc="13" el="108" ec="67" />
                <SequencePoint vc="0" uspid="174" ordinal="2" sl="110" sc="13" el="110" ec="57" />
                <SequencePoint vc="0" uspid="175" ordinal="3" sl="111" sc="13" el="111" ec="54" />
              </SequencePoints>
            </Method>
            <Method visited="false" isConstructor="false">
              <Name>LibGit2Sharp.ICommitLog Analyzer.Data.SourceRepository.SourceControlRepositoryBuilder::GetCommitsForSelectedBranch(LibGit2Sharp.Repository)</Name>
              <FileRef uid="2" />
              <SequencePoints>
                <SequencePoint vc="0" uspid="176" ordinal="1" sl="116" sc="13" el="119" ec="15" />
                <SequencePoint vc="0" uspid="177" ordinal="2" sl="121" sc="13" el="121" ec="35" />
                <SequencePoint vc="0" uspid="178" ordinal="3" sl="123" sc="17" el="123" ec="63" />
                <SequencePoint vc="0" uspid="179" ordinal="4" sl="126" sc="13" el="126" ec="64" />
                <SequencePoint vc="0" uspid="180" ordinal="5" sl="127" sc="13" el="127" ec="56" />
                <SequencePoint vc="0" uspid="181" ordinal="6" sl="128" sc="13" el="128" ec="30" />
              </SequencePoints>
            </Method>
            <Method visited="false" isConstructor="false">
              <Name>System.DateTime Analyzer.Data.SourceRepository.SourceControlRepositoryBuilder::GetLastCommit(LibGit2Sharp.ICommitLog)</Name>
              <FileRef uid="2" />
              <SequencePoints>
                <SequencePoint vc="0" uspid="182" ordinal="1" sl="133" sc="13" el="133" ec="55" />
              </SequencePoints>
            </Method>
            <Method visited="false" isConstructor="false">
              <Name>System.DateTime Analyzer.Data.SourceRepository.SourceControlRepositoryBuilder::GetFirstCommit(LibGit2Sharp.ICommitLog)</Name>
              <FileRef uid="2" />
              <SequencePoints>
                <SequencePoint vc="0" uspid="183" ordinal="1" sl="138" sc="13" el="138" ec="54" />
              </SequencePoints>
            </Method>
            <Method visited="true" isConstructor="false">
              <Name>System.Boolean Analyzer.Data.SourceRepository.SourceControlRepositoryBuilder::InvalidBranchName(LibGit2Sharp.Repository)</Name>
              <FileRef uid="2" />
              <SequencePoints>
                <SequencePoint vc="1" uspid="184" ordinal="1" sl="143" sc="13" el="143" ec="57" />
              </SequencePoints>
            </Method>
            <Method visited="true" isConstructor="false">
              <Name>System.Boolean Analyzer.Data.SourceRepository.SourceControlRepositoryBuilder::NotValidGitRepository(System.String)</Name>
              <FileRef uid="2" />
              <SequencePoints>
                <SequencePoint vc="1" uspid="185" ordinal="1" sl="148" sc="13" el="148" ec="52" />
              </SequencePoints>
            </Method>
            <Method visited="false" isConstructor="false">
              <Name>System.Object Analyzer.Data.SourceRepository.SourceControlRepositoryBuilder::WithAlias(System.String,System.String)</Name>
              <FileRef uid="2" />
              <SequencePoints>
                <SequencePoint vc="0" uspid="186" ordinal="1" sl="153" sc="13" el="153" ec="49" />
              </SequencePoints>
            </Method>
          </Methods>
        </Class>
        <Class>
          <FullName>Analyzer.Data.SourceRepository.SourceControlRepositoryBuilder/&lt;&gt;c</FullName>
          <Methods>
            <Method visited="false" isConstructor="false">
              <Name>System.DateTime Analyzer.Data.SourceRepository.SourceControlRepositoryBuilder/&lt;&gt;c::&lt;GetCommitsForSelectedBranch&gt;b__20_0(LibGit2Sharp.Commit)</Name>
              <FileRef uid="2" />
              <SequencePoints>
                <SequencePoint vc="0" uspid="187" ordinal="1" sl="127" sc="36" el="127" ec="54" />
                <SequencePoint vc="0" uspid="188" ordinal="2" sl="127" sc="36" el="127" ec="54" />
              </SequencePoints>
            </Method>
          </Methods>
        </Class>
      </Classes>
    </Module>
    <Module hash="6e4e3f0a-d219-4e32-a319-0e455172f153">
      <FullName>Analyzer.Domain</FullName>
      <ModuleName>Analyzer.Domain</ModuleName>
      <Files>
        <File uid="3" fullPath="C:\Systems\GD3\source\Analyzer.Domain\Developer\Alias.cs" />
        <File uid="4" fullPath="C:\Systems\GD3\source\Analyzer.Domain\Developer\Author.cs" />
        <File uid="5" fullPath="C:\Systems\GD3\source\Analyzer.Domain\Developer\DeveloperStats.cs" />
        <File uid="6" fullPath="C:\Systems\GD3\source\Analyzer.Domain\Reporting\Impact.cs" />
        <File uid="7" fullPath="C:\Systems\GD3\source\Analyzer.Domain\Reporting\LinesOfChange.cs" />
        <File uid="8" fullPath="C:\Systems\GD3\source\Analyzer.Domain\Reporting\ReportingPeriod.cs" />
        <File uid="9" fullPath="C:\Systems\GD3\source\Analyzer.Domain\Team\TeamStats.cs" />
        <File uid="10" fullPath="C:\Systems\GD3\source\Analyzer.Domain\Team\TeamStatsCollection.cs" />
      </Files>
      <Classes>
        <Class>
          <FullName>Analyzer.Domain.Developer.Alias</FullName>
          <Methods>
            <Method visited="true" isConstructor="false">
              <Name>System.Guid Analyzer.Domain.Developer.Alias::get_Id()</Name>
              <FileRef uid="3" />
              <SequencePoints>
                <SequencePoint vc="1" uspid="189" ordinal="1" sl="8" sc="26" el="8" ec="30" />
              </SequencePoints>
            </Method>
            <Method visited="false" isConstructor="false">
              <Name>System.String Analyzer.Domain.Developer.Alias::get_Name()</Name>
              <FileRef uid="3" />
              <SequencePoints>
                <SequencePoint vc="0" uspid="190" ordinal="1" sl="9" sc="30" el="9" ec="34" />
              </SequencePoints>
            </Method>
            <Method visited="false" isConstructor="false">
              <Name>System.Void Analyzer.Domain.Developer.Alias::set_Name(System.String)</Name>
              <FileRef uid="3" />
              <SequencePoints>
                <SequencePoint vc="0" uspid="191" ordinal="1" sl="9" sc="35" el="9" ec="39" />
              </SequencePoints>
            </Method>
            <Method visited="false" isConstructor="false">
              <Name>System.Collections.Generic.List`1&lt;System.String&gt; Analyzer.Domain.Developer.Alias::get_Emails()</Name>
              <FileRef uid="3" />
              <SequencePoints>
                <SequencePoint vc="0" uspid="192" ordinal="1" sl="10" sc="38" el="10" ec="42" />
              </SequencePoints>
            </Method>
            <Method visited="false" isConstructor="false">
              <Name>System.Void Analyzer.Domain.Developer.Alias::set_Emails(System.Collections.Generic.List`1&lt;System.String&gt;)</Name>
              <FileRef uid="3" />
              <SequencePoints>
                <SequencePoint vc="0" uspid="193" ordinal="1" sl="10" sc="43" el="10" ec="47" />
              </SequencePoints>
            </Method>
            <Method visited="true" isConstructor="true">
              <Name>System.Void Analyzer.Domain.Developer.Alias::.ctor()</Name>
              <FileRef uid="3" />
              <SequencePoints>
                <SequencePoint vc="1" uspid="194" ordinal="1" sl="12" sc="9" el="12" ec="23" />
                <SequencePoint vc="1" uspid="195" ordinal="2" sl="14" sc="13" el="14" ec="33" />
              </SequencePoints>
            </Method>
          </Methods>
        </Class>
        <Class>
          <FullName>Analyzer.Domain.Developer.Author</FullName>
          <Methods>
            <Method visited="true" isConstructor="false">
              <Name>System.String Analyzer.Domain.Developer.Author::get_Name()</Name>
              <FileRef uid="4" />
              <SequencePoints>
                <SequencePoint vc="1" uspid="196" ordinal="1" sl="8" sc="30" el="8" ec="34" />
              </SequencePoints>
            </Method>
            <Method visited="true" isConstructor="false">
              <Name>System.Void Analyzer.Domain.Developer.Author::set_Name(System.String)</Name>
              <FileRef uid="4" />
              <SequencePoints>
                <SequencePoint vc="1" uspid="197" ordinal="1" sl="8" sc="35" el="8" ec="39" />
              </SequencePoints>
            </Method>
            <Method visited="true" isConstructor="false">
              <Name>System.Collections.Generic.List`1&lt;System.String&gt; Analyzer.Domain.Developer.Author::get_Emails()</Name>
              <FileRef uid="4" />
              <SequencePoints>
                <SequencePoint vc="1" uspid="198" ordinal="1" sl="9" sc="38" el="9" ec="42" />
              </SequencePoints>
            </Method>
            <Method visited="true" isConstructor="false">
              <Name>System.Void Analyzer.Domain.Developer.Author::set_Emails(System.Collections.Generic.List`1&lt;System.String&gt;)</Name>
              <FileRef uid="4" />
              <SequencePoints>
                <SequencePoint vc="1" uspid="199" ordinal="1" sl="9" sc="43" el="9" ec="47" />
              </SequencePoints>
            </Method>
            <Method visited="true" isConstructor="true">
              <Name>System.Void Analyzer.Domain.Developer.Author::.ctor()</Name>
              <FileRef uid="4" />
              <SequencePoints>
                <SequencePoint vc="1" uspid="200" ordinal="1" sl="11" sc="9" el="11" ec="24" />
                <SequencePoint vc="1" uspid="201" ordinal="2" sl="13" sc="13" el="13" ec="41" />
              </SequencePoints>
            </Method>
            <Method visited="true" isConstructor="false">
              <Name>System.String Analyzer.Domain.Developer.Author::ToString()</Name>
              <FileRef uid="4" />
              <SequencePoints>
                <SequencePoint vc="1" uspid="202" ordinal="1" sl="18" sc="13" el="18" ec="45" />
                <SequencePoint vc="1" uspid="203" ordinal="2" sl="20" sc="17" el="20" ec="39" />
                <SequencePoint vc="1" uspid="204" ordinal="3" sl="23" sc="13" el="23" ec="25" />
              </SequencePoints>
            </Method>
          </Methods>
        </Class>
        <Class>
          <FullName>Analyzer.Domain.Developer.DeveloperStats</FullName>
          <Methods>
            <Method visited="false" isConstructor="false">
              <Name>Analyzer.Domain.Developer.Author Analyzer.Domain.Developer.DeveloperStats::get_Author()</Name>
              <FileRef uid="5" />
              <SequencePoints>
                <SequencePoint vc="0" uspid="205" ordinal="1" sl="7" sc="32" el="7" ec="36" />
              </SequencePoints>
            </Method>
            <Method visited="false" isConstructor="false">
              <Name>System.Void Analyzer.Domain.Developer.DeveloperStats::set_Author(Analyzer.Domain.Developer.Author)</Name>
              <FileRef uid="5" />
              <SequencePoints>
                <SequencePoint vc="0" uspid="206" ordinal="1" sl="7" sc="37" el="7" ec="41" />
              </SequencePoints>
            </Method>
            <Method visited="false" isConstructor="false">
              <Name>System.Int32 Analyzer.Domain.Developer.DeveloperStats::get_PeriodActiveDays()</Name>
              <FileRef uid="5" />
              <SequencePoints>
                <SequencePoint vc="0" uspid="207" ordinal="1" sl="8" sc="39" el="8" ec="43" />
              </SequencePoints>
            </Method>
            <Method visited="false" isConstructor="false">
              <Name>System.Void Analyzer.Domain.Developer.DeveloperStats::set_PeriodActiveDays(System.Int32)</Name>
              <FileRef uid="5" />
              <SequencePoints>
                <SequencePoint vc="0" uspid="208" ordinal="1" sl="8" sc="44" el="8" ec="48" />
              </SequencePoints>
            </Method>
            <Method visited="false" isConstructor="false">
              <Name>System.Double Analyzer.Domain.Developer.DeveloperStats::get_ActiveDaysPerWeek()</Name>
              <FileRef uid="5" />
              <SequencePoints>
                <SequencePoint vc="0" uspid="209" ordinal="1" sl="9" sc="43" el="9" ec="47" />
              </SequencePoints>
            </Method>
            <Method visited="false" isConstructor="false">
              <Name>System.Void Analyzer.Domain.Developer.DeveloperStats::set_ActiveDaysPerWeek(System.Double)</Name>
              <FileRef uid="5" />
              <SequencePoints>
                <SequencePoint vc="0" uspid="210" ordinal="1" sl="9" sc="48" el="9" ec="52" />
              </SequencePoints>
            </Method>
            <Method visited="true" isConstructor="false">
              <Name>System.Double Analyzer.Domain.Developer.DeveloperStats::get_CommitsPerDay()</Name>
              <FileRef uid="5" />
              <SequencePoints>
                <SequencePoint vc="1" uspid="211" ordinal="1" sl="10" sc="39" el="10" ec="43" />
              </SequencePoints>
            </Method>
            <Method visited="true" isConstructor="false">
              <Name>System.Void Analyzer.Domain.Developer.DeveloperStats::set_CommitsPerDay(System.Double)</Name>
              <FileRef uid="5" />
              <SequencePoints>
                <SequencePoint vc="1" uspid="212" ordinal="1" sl="10" sc="44" el="10" ec="48" />
              </SequencePoints>
            </Method>
            <Method visited="false" isConstructor="false">
              <Name>System.Double Analyzer.Domain.Developer.DeveloperStats::get_Impact()</Name>
              <FileRef uid="5" />
              <SequencePoints>
                <SequencePoint vc="0" uspid="213" ordinal="1" sl="11" sc="32" el="11" ec="36" />
              </SequencePoints>
            </Method>
            <Method visited="false" isConstructor="false">
              <Name>System.Void Analyzer.Domain.Developer.DeveloperStats::set_Impact(System.Double)</Name>
              <FileRef uid="5" />
              <SequencePoints>
                <SequencePoint vc="0" uspid="214" ordinal="1" sl="11" sc="37" el="11" ec="41" />
              </SequencePoints>
            </Method>
            <Method visited="true" isConstructor="false">
              <Name>System.Double Analyzer.Domain.Developer.DeveloperStats::get_LinesOfChangePerHour()</Name>
              <FileRef uid="5" />
              <SequencePoints>
                <SequencePoint vc="1" uspid="215" ordinal="1" sl="12" sc="46" el="12" ec="50" />
              </SequencePoints>
            </Method>
            <Method visited="true" isConstructor="false">
              <Name>System.Void Analyzer.Domain.Developer.DeveloperStats::set_LinesOfChangePerHour(System.Double)</Name>
              <FileRef uid="5" />
              <SequencePoints>
                <SequencePoint vc="1" uspid="216" ordinal="1" sl="12" sc="51" el="12" ec="55" />
              </SequencePoints>
            </Method>
            <Method visited="false" isConstructor="false">
              <Name>System.Double Analyzer.Domain.Developer.DeveloperStats::get_Churn()</Name>
              <FileRef uid="5" />
              <SequencePoints>
                <SequencePoint vc="0" uspid="217" ordinal="1" sl="13" sc="31" el="13" ec="35" />
              </SequencePoints>
            </Method>
            <Method visited="false" isConstructor="false">
              <Name>System.Void Analyzer.Domain.Developer.DeveloperStats::set_Churn(System.Double)</Name>
              <FileRef uid="5" />
              <SequencePoints>
                <SequencePoint vc="0" uspid="218" ordinal="1" sl="13" sc="36" el="13" ec="40" />
              </SequencePoints>
            </Method>
            <Method visited="false" isConstructor="false">
              <Name>System.Int32 Analyzer.Domain.Developer.DeveloperStats::get_LinesAdded()</Name>
              <FileRef uid="5" />
              <SequencePoints>
                <SequencePoint vc="0" uspid="219" ordinal="1" sl="14" sc="33" el="14" ec="37" />
              </SequencePoints>
            </Method>
            <Method visited="false" isConstructor="false">
              <Name>System.Void Analyzer.Domain.Developer.DeveloperStats::set_LinesAdded(System.Int32)</Name>
              <FileRef uid="5" />
              <SequencePoints>
                <SequencePoint vc="0" uspid="220" ordinal="1" sl="14" sc="38" el="14" ec="42" />
              </SequencePoints>
            </Method>
            <Method visited="false" isConstructor="false">
              <Name>System.Int32 Analyzer.Domain.Developer.DeveloperStats::get_LinesRemoved()</Name>
              <FileRef uid="5" />
              <SequencePoints>
                <SequencePoint vc="0" uspid="221" ordinal="1" sl="15" sc="35" el="15" ec="39" />
              </SequencePoints>
            </Method>
            <Method visited="false" isConstructor="false">
              <Name>System.Void Analyzer.Domain.Developer.DeveloperStats::set_LinesRemoved(System.Int32)</Name>
              <FileRef uid="5" />
              <SequencePoints>
                <SequencePoint vc="0" uspid="222" ordinal="1" sl="15" sc="40" el="15" ec="44" />
              </SequencePoints>
            </Method>
            <Method visited="false" isConstructor="false">
              <Name>System.Double Analyzer.Domain.Developer.DeveloperStats::get_Rtt100()</Name>
              <FileRef uid="5" />
              <SequencePoints>
                <SequencePoint vc="0" uspid="223" ordinal="1" sl="16" sc="32" el="16" ec="36" />
              </SequencePoints>
            </Method>
            <Method visited="false" isConstructor="false">
              <Name>System.Void Analyzer.Domain.Developer.DeveloperStats::set_Rtt100(System.Double)</Name>
              <FileRef uid="5" />
              <SequencePoints>
                <SequencePoint vc="0" uspid="224" ordinal="1" sl="16" sc="37" el="16" ec="41" />
              </SequencePoints>
            </Method>
            <Method visited="false" isConstructor="false">
              <Name>System.Double Analyzer.Domain.Developer.DeveloperStats::get_Ptt100()</Name>
              <FileRef uid="5" />
              <SequencePoints>
                <SequencePoint vc="0" uspid="225" ordinal="1" sl="17" sc="32" el="17" ec="36" />
              </SequencePoints>
            </Method>
            <Method visited="false" isConstructor="false">
              <Name>System.Void Analyzer.Domain.Developer.DeveloperStats::set_Ptt100(System.Double)</Name>
              <FileRef uid="5" />
              <SequencePoints>
                <SequencePoint vc="0" uspid="226" ordinal="1" sl="17" sc="37" el="17" ec="41" />
              </SequencePoints>
            </Method>
            <Method visited="false" isConstructor="false">
              <Name>System.Double Analyzer.Domain.Developer.DeveloperStats::get_Dtt100()</Name>
              <FileRef uid="5" />
              <SequencePoints>
                <SequencePoint vc="0" uspid="227" ordinal="1" sl="18" sc="33" el="18" ec="48" />
              </SequencePoints>
            </Method>
            <Method visited="true" isConstructor="false">
              <Name>System.Double Analyzer.Domain.Developer.DeveloperStats::get_RiskFactor()</Name>
              <FileRef uid="5" />
              <SequencePoints>
                <SequencePoint vc="1" uspid="228" ordinal="1" sl="24" sc="17" el="24" ec="84" />
                <SequencePoint vc="1" uspid="229" ordinal="2" sl="25" sc="17" el="25" ec="89" />
                <SequencePoint vc="1" uspid="230" ordinal="3" sl="27" sc="21" el="27" ec="32" />
                <SequencePoint vc="1" uspid="231" ordinal="4" sl="29" sc="17" el="29" ec="31" />
              </SequencePoints>
            </Method>
            <Method visited="false" isConstructor="false">
              <Name>System.String Analyzer.Domain.Developer.DeveloperStats::ToString()</Name>
              <FileRef uid="5" />
              <SequencePoints>
                <SequencePoint vc="0" uspid="232" ordinal="1" sl="37" sc="13" el="50" ec="48" />
              </SequencePoints>
            </Method>
            <Method visited="false" isConstructor="false">
              <Name>System.String Analyzer.Domain.Developer.DeveloperStats::PaddedPrint(System.Object,System.Int32)</Name>
              <FileRef uid="5" />
              <SequencePoints>
                <SequencePoint vc="0" uspid="233" ordinal="1" sl="55" sc="13" el="55" ec="63" />
              </SequencePoints>
            </Method>
          </Methods>
        </Class>
        <Class>
          <FullName>Analyzer.Domain.Reporting.Impact</FullName>
          <Methods>
            <Method visited="true" isConstructor="false">
              <Name>System.Int32 Analyzer.Domain.Reporting.Impact::get_TotalFiles()</Name>
              <FileRef uid="6" />
              <SequencePoints>
                <SequencePoint vc="1" uspid="234" ordinal="1" sl="7" sc="33" el="7" ec="37" />
              </SequencePoints>
            </Method>
            <Method visited="true" isConstructor="false">
              <Name>System.Void Analyzer.Domain.Reporting.Impact::set_TotalFiles(System.Int32)</Name>
              <FileRef uid="6" />
              <SequencePoints>
                <SequencePoint vc="1" uspid="235" ordinal="1" sl="7" sc="38" el="7" ec="42" />
              </SequencePoints>
            </Method>
            <Method visited="true" isConstructor="false">
              <Name>System.Int32 Analyzer.Domain.Reporting.Impact::get_TotalEditLocations()</Name>
              <FileRef uid="6" />
              <SequencePoints>
                <SequencePoint vc="1" uspid="236" ordinal="1" sl="8" sc="41" el="8" ec="45" />
              </SequencePoints>
            </Method>
            <Method visited="true" isConstructor="false">
              <Name>System.Void Analyzer.Domain.Reporting.Impact::set_TotalEditLocations(System.Int32)</Name>
              <FileRef uid="6" />
              <SequencePoints>
                <SequencePoint vc="1" uspid="237" ordinal="1" sl="8" sc="46" el="8" ec="50" />
              </SequencePoints>
            </Method>
            <Method visited="true" isConstructor="false">
              <Name>System.Int32 Analyzer.Domain.Reporting.Impact::get_TotalLinesEdited()</Name>
              <FileRef uid="6" />
              <SequencePoints>
                <SequencePoint vc="1" uspid="238" ordinal="1" sl="9" sc="39" el="9" ec="43" />
              </SequencePoints>
            </Method>
            <Method visited="true" isConstructor="false">
              <Name>System.Void Analyzer.Domain.Reporting.Impact::set_TotalLinesEdited(System.Int32)</Name>
              <FileRef uid="6" />
              <SequencePoints>
                <SequencePoint vc="1" uspid="239" ordinal="1" sl="9" sc="44" el="9" ec="48" />
              </SequencePoints>
            </Method>
            <Method visited="true" isConstructor="false">
              <Name>System.Int32 Analyzer.Domain.Reporting.Impact::get_TotalLinesOfOldCode()</Name>
              <FileRef uid="6" />
              <SequencePoints>
                <SequencePoint vc="1" uspid="240" ordinal="1" sl="10" sc="42" el="10" ec="46" />
              </SequencePoints>
            </Method>
            <Method visited="true" isConstructor="false">
              <Name>System.Void Analyzer.Domain.Reporting.Impact::set_TotalLinesOfOldCode(System.Int32)</Name>
              <FileRef uid="6" />
              <SequencePoints>
                <SequencePoint vc="1" uspid="241" ordinal="1" sl="10" sc="47" el="10" ec="51" />
              </SequencePoints>
            </Method>
            <Method visited="true" isConstructor="false">
              <Name>System.Double Analyzer.Domain.Reporting.Impact::Calculate()</Name>
              <FileRef uid="6" />
              <SequencePoints>
                <SequencePoint vc="1" uspid="242" ordinal="1" sl="14" sc="13" el="14" ec="43" />
                <SequencePoint vc="1" uspid="243" ordinal="2" sl="15" sc="13" el="15" ec="31" />
                <SequencePoint vc="1" uspid="244" ordinal="3" sl="16" sc="13" el="16" ec="41" />
                <SequencePoint vc="1" uspid="245" ordinal="4" sl="18" sc="17" el="18" ec="90" />
                <SequencePoint vc="1" uspid="246" ordinal="5" sl="19" sc="17" el="19" ec="69" />
                <SequencePoint vc="1" uspid="247" ordinal="6" sl="22" sc="13" el="22" ec="90" />
                <SequencePoint vc="1" uspid="248" ordinal="7" sl="23" sc="13" el="23" ec="58" />
                <SequencePoint vc="1" uspid="249" ordinal="8" sl="25" sc="13" el="25" ec="43" />
                <SequencePoint vc="1" uspid="250" ordinal="9" sl="27" sc="17" el="27" ec="28" />
                <SequencePoint vc="1" uspid="251" ordinal="10" sl="30" sc="13" el="30" ec="27" />
              </SequencePoints>
            </Method>
          </Methods>
        </Class>
        <Class>
          <FullName>Analyzer.Domain.Reporting.LinesOfChange</FullName>
          <Methods>
            <Method visited="true" isConstructor="false">
              <Name>System.Int32 Analyzer.Domain.Reporting.LinesOfChange::get_Added()</Name>
              <FileRef uid="7" />
              <SequencePoints>
                <SequencePoint vc="1" uspid="252" ordinal="1" sl="7" sc="28" el="7" ec="32" />
              </SequencePoints>
            </Method>
            <Method visited="true" isConstructor="false">
              <Name>System.Void Analyzer.Domain.Reporting.LinesOfChange::set_Added(System.Int32)</Name>
              <FileRef uid="7" />
              <SequencePoints>
                <SequencePoint vc="1" uspid="253" ordinal="1" sl="7" sc="33" el="7" ec="37" />
              </SequencePoints>
            </Method>
            <Method visited="true" isConstructor="false">
              <Name>System.Int32 Analyzer.Domain.Reporting.LinesOfChange::get_Removed()</Name>
              <FileRef uid="7" />
              <SequencePoints>
                <SequencePoint vc="1" uspid="254" ordinal="1" sl="8" sc="30" el="8" ec="34" />
              </SequencePoints>
            </Method>
            <Method visited="true" isConstructor="false">
              <Name>System.Void Analyzer.Domain.Reporting.LinesOfChange::set_Removed(System.Int32)</Name>
              <FileRef uid="7" />
              <SequencePoints>
                <SequencePoint vc="1" uspid="255" ordinal="1" sl="8" sc="35" el="8" ec="39" />
              </SequencePoints>
            </Method>
            <Method visited="false" isConstructor="false">
              <Name>System.Double Analyzer.Domain.Reporting.LinesOfChange::get_ChangePerHour()</Name>
              <FileRef uid="7" />
              <SequencePoints>
                <SequencePoint vc="0" uspid="256" ordinal="1" sl="9" sc="39" el="9" ec="43" />
              </SequencePoints>
            </Method>
            <Method visited="false" isConstructor="false">
              <Name>System.Void Analyzer.Domain.Reporting.LinesOfChange::set_ChangePerHour(System.Double)</Name>
              <FileRef uid="7" />
              <SequencePoints>
                <SequencePoint vc="0" uspid="257" ordinal="1" sl="9" sc="44" el="9" ec="48" />
              </SequencePoints>
            </Method>
            <Method visited="false" isConstructor="false">
              <Name>System.Double Analyzer.Domain.Reporting.LinesOfChange::get_Rtt100()</Name>
              <FileRef uid="7" />
              <SequencePoints>
                <SequencePoint vc="0" uspid="258" ordinal="1" sl="10" sc="32" el="10" ec="36" />
              </SequencePoints>
            </Method>
            <Method visited="false" isConstructor="false">
              <Name>System.Void Analyzer.Domain.Reporting.LinesOfChange::set_Rtt100(System.Double)</Name>
              <FileRef uid="7" />
              <SequencePoints>
                <SequencePoint vc="0" uspid="259" ordinal="1" sl="10" sc="37" el="10" ec="41" />
              </SequencePoints>
            </Method>
            <Method visited="false" isConstructor="false">
              <Name>System.Double Analyzer.Domain.Reporting.LinesOfChange::get_Ptt100()</Name>
              <FileRef uid="7" />
              <SequencePoints>
                <SequencePoint vc="0" uspid="260" ordinal="1" sl="11" sc="32" el="11" ec="36" />
              </SequencePoints>
            </Method>
            <Method visited="false" isConstructor="false">
              <Name>System.Void Analyzer.Domain.Reporting.LinesOfChange::set_Ptt100(System.Double)</Name>
              <FileRef uid="7" />
              <SequencePoints>
                <SequencePoint vc="0" uspid="261" ordinal="1" sl="11" sc="37" el="11" ec="41" />
              </SequencePoints>
            </Method>
            <Method visited="true" isConstructor="false">
              <Name>System.Int32 Analyzer.Domain.Reporting.LinesOfChange::get_TotalLines()</Name>
              <FileRef uid="7" />
              <SequencePoints>
                <SequencePoint vc="1" uspid="262" ordinal="1" sl="12" sc="34" el="12" ec="49" />
              </SequencePoints>
            </Method>
            <Method visited="true" isConstructor="false">
              <Name>System.Double Analyzer.Domain.Reporting.LinesOfChange::get_Churn()</Name>
              <FileRef uid="7" />
              <SequencePoints>
                <SequencePoint vc="1" uspid="263" ordinal="1" sl="18" sc="17" el="18" ec="69" />
                <SequencePoint vc="1" uspid="264" ordinal="2" sl="19" sc="17" el="19" ec="89" />
                <SequencePoint vc="1" uspid="265" ordinal="3" sl="21" sc="21" el="21" ec="32" />
                <SequencePoint vc="1" uspid="266" ordinal="4" sl="24" sc="17" el="24" ec="31" />
              </SequencePoints>
            </Method>
          </Methods>
        </Class>
        <Class>
          <FullName>Analyzer.Domain.Reporting.ReportingPeriod</FullName>
          <Methods>
            <Method visited="true" isConstructor="false">
              <Name>System.DateTime Analyzer.Domain.Reporting.ReportingPeriod::get_Start()</Name>
              <FileRef uid="8" />
              <SequencePoints>
                <SequencePoint vc="1" uspid="267" ordinal="1" sl="8" sc="33" el="8" ec="37" />
              </SequencePoints>
            </Method>
            <Method visited="true" isConstructor="false">
              <Name>System.Void Analyzer.Domain.Reporting.ReportingPeriod::set_Start(System.DateTime)</Name>
              <FileRef uid="8" />
              <SequencePoints>
                <SequencePoint vc="1" uspid="268" ordinal="1" sl="8" sc="38" el="8" ec="42" />
              </SequencePoints>
            </Method>
            <Method visited="true" isConstructor="false">
              <Name>System.DateTime Analyzer.Domain.Reporting.ReportingPeriod::get_End()</Name>
              <FileRef uid="8" />
              <SequencePoints>
                <SequencePoint vc="1" uspid="269" ordinal="1" sl="9" sc="31" el="9" ec="35" />
              </SequencePoints>
            </Method>
            <Method visited="true" isConstructor="false">
              <Name>System.Void Analyzer.Domain.Reporting.ReportingPeriod::set_End(System.DateTime)</Name>
              <FileRef uid="8" />
              <SequencePoints>
                <SequencePoint vc="1" uspid="270" ordinal="1" sl="9" sc="36" el="9" ec="40" />
              </SequencePoints>
            </Method>
            <Method visited="true" isConstructor="false">
              <Name>System.Int32 Analyzer.Domain.Reporting.ReportingPeriod::get_HoursPerWeek()</Name>
              <FileRef uid="8" />
              <SequencePoints>
                <SequencePoint vc="1" uspid="271" ordinal="1" sl="10" sc="35" el="10" ec="39" />
              </SequencePoints>
            </Method>
            <Method visited="true" isConstructor="false">
              <Name>System.Void Analyzer.Domain.Reporting.ReportingPeriod::set_HoursPerWeek(System.Int32)</Name>
              <FileRef uid="8" />
              <SequencePoints>
                <SequencePoint vc="1" uspid="272" ordinal="1" sl="10" sc="40" el="10" ec="44" />
              </SequencePoints>
            </Method>
            <Method visited="true" isConstructor="false">
              <Name>System.Double Analyzer.Domain.Reporting.ReportingPeriod::get_DaysPerWeek()</Name>
              <FileRef uid="8" />
              <SequencePoints>
                <SequencePoint vc="1" uspid="273" ordinal="1" sl="11" sc="37" el="11" ec="41" />
              </SequencePoints>
            </Method>
            <Method visited="true" isConstructor="false">
              <Name>System.Void Analyzer.Domain.Reporting.ReportingPeriod::set_DaysPerWeek(System.Double)</Name>
              <FileRef uid="8" />
              <SequencePoints>
                <SequencePoint vc="1" uspid="274" ordinal="1" sl="11" sc="42" el="11" ec="46" />
              </SequencePoints>
            </Method>
            <Method visited="true" isConstructor="false">
              <Name>System.Collections.Generic.List`1&lt;System.DayOfWeek&gt; Analyzer.Domain.Reporting.ReportingPeriod::get_Weekends()</Name>
              <FileRef uid="8" />
              <SequencePoints>
                <SequencePoint vc="1" uspid="275" ordinal="1" sl="12" sc="43" el="12" ec="47" />
              </SequencePoints>
            </Method>
            <Method visited="true" isConstructor="false">
              <Name>System.Void Analyzer.Domain.Reporting.ReportingPeriod::set_Weekends(System.Collections.Generic.List`1&lt;System.DayOfWeek&gt;)</Name>
              <FileRef uid="8" />
              <SequencePoints>
                <SequencePoint vc="1" uspid="276" ordinal="1" sl="12" sc="48" el="12" ec="52" />
              </SequencePoints>
            </Method>
            <Method visited="true" isConstructor="true">
              <Name>System.Void Analyzer.Domain.Reporting.ReportingPeriod::.ctor()</Name>
              <FileRef uid="8" />
              <SequencePoints>
                <SequencePoint vc="1" uspid="277" ordinal="1" sl="16" sc="9" el="16" ec="33" />
                <SequencePoint vc="1" uspid="278" ordinal="2" sl="18" sc="13" el="18" ec="46" />
              </SequencePoints>
            </Method>
            <Method visited="true" isConstructor="false">
              <Name>System.Int32 Analyzer.Domain.Reporting.ReportingPeriod::Period_Days()</Name>
              <FileRef uid="8" />
              <SequencePoints>
                <SequencePoint vc="1" uspid="279" ordinal="1" sl="23" sc="13" el="23" ec="55" />
                <SequencePoint vc="1" uspid="280" ordinal="2" sl="24" sc="13" el="24" ec="29" />
                <SequencePoint vc="1" uspid="281" ordinal="3" sl="26" sc="17" el="26" ec="26" />
                <SequencePoint vc="1" uspid="282" ordinal="4" sl="29" sc="13" el="29" ec="27" />
              </SequencePoints>
            </Method>
            <Method visited="true" isConstructor="false">
              <Name>System.Double Analyzer.Domain.Reporting.ReportingPeriod::Period_Working_Days()</Name>
              <FileRef uid="8" />
              <SequencePoints>
                <SequencePoint vc="1" uspid="283" ordinal="1" sl="34" sc="13" el="34" ec="40" />
                <SequencePoint vc="1" uspid="284" ordinal="2" sl="35" sc="13" el="35" ec="46" />
                <SequencePoint vc="1" uspid="285" ordinal="3" sl="36" sc="13" el="36" ec="38" />
                <SequencePoint vc="1" uspid="286" ordinal="4" sl="38" sc="17" el="38" ec="46" />
                <SequencePoint vc="0" uspid="287" ordinal="5" sl="41" sc="13" el="41" ec="41" />
              </SequencePoints>
            </Method>
            <Method visited="true" isConstructor="false">
              <Name>System.Double Analyzer.Domain.Reporting.ReportingPeriod::Period_Weeks()</Name>
              <FileRef uid="8" />
              <SequencePoints>
                <SequencePoint vc="1" uspid="288" ordinal="1" sl="46" sc="13" el="46" ec="58" />
                <SequencePoint vc="1" uspid="289" ordinal="2" sl="47" sc="13" el="47" ec="48" />
                <SequencePoint vc="1" uspid="290" ordinal="3" sl="48" sc="13" el="48" ec="27" />
                <SequencePoint vc="1" uspid="291" ordinal="4" sl="50" sc="17" el="50" ec="27" />
                <SequencePoint vc="1" uspid="292" ordinal="5" sl="52" sc="13" el="52" ec="41" />
              </SequencePoints>
            </Method>
            <Method visited="true" isConstructor="false">
              <Name>System.Double Analyzer.Domain.Reporting.ReportingPeriod::Period_Working_Hours()</Name>
              <FileRef uid="8" />
              <SequencePoints>
                <SequencePoint vc="1" uspid="293" ordinal="1" sl="57" sc="13" el="57" ec="40" />
                <SequencePoint vc="1" uspid="294" ordinal="2" sl="58" sc="13" el="58" ec="41" />
              </SequencePoints>
            </Method>
            <Method visited="true" isConstructor="false">
              <Name>System.Boolean Analyzer.Domain.Reporting.ReportingPeriod::NoPartialWeek(System.Double)</Name>
              <FileRef uid="8" />
              <SequencePoints>
                <SequencePoint vc="1" uspid="295" ordinal="1" sl="63" sc="13" el="63" ec="40" />
              </SequencePoints>
            </Method>
            <Method visited="true" isConstructor="false">
              <Name>System.Collections.Generic.List`1&lt;System.DateTime&gt; Analyzer.Domain.Reporting.ReportingPeriod::Generate_Dates_For_Range()</Name>
              <FileRef uid="8" />
              <SequencePoints>
                <SequencePoint vc="1" uspid="296" ordinal="1" sl="68" sc="13" el="68" ec="47" />
                <SequencePoint vc="1" uspid="297" ordinal="2" sl="69" sc="13" el="69" ec="35" />
                <SequencePoint vc="1" uspid="298" ordinal="3" sl="70" sc="13" el="70" ec="48" />
                <SequencePoint vc="1" uspid="299" ordinal="4" sl="71" sc="18" el="71" ec="27" />
                <SequencePoint vc="1" uspid="300" ordinal="5" sl="71" sc="45" el="71" ec="48" />
                <SequencePoint vc="1" uspid="301" ordinal="6" sl="71" sc="29" el="71" ec="43" />
                <SequencePoint vc="1" uspid="302" ordinal="7" sl="73" sc="17" el="73" ec="52" />
                <SequencePoint vc="1" uspid="303" ordinal="8" sl="74" sc="17" el="74" ec="43" />
                <SequencePoint vc="1" uspid="304" ordinal="9" sl="76" sc="21" el="76" ec="46" />
                <SequencePoint vc="1" uspid="305" ordinal="10" sl="79" sc="13" el="79" ec="27" />
              </SequencePoints>
            </Method>
            <Method visited="true" isConstructor="false">
              <Name>System.Boolean Analyzer.Domain.Reporting.ReportingPeriod::WorkDay(System.DateTime)</Name>
              <FileRef uid="8" />
              <SequencePoints>
                <SequencePoint vc="1" uspid="306" ordinal="1" sl="84" sc="13" el="84" ec="63" />
              </SequencePoints>
            </Method>
          </Methods>
        </Class>
        <Class>
          <FullName>Analyzer.Domain.Team.TeamStats</FullName>
          <Methods>
            <Method visited="false" isConstructor="false">
              <Name>System.DateTime Analyzer.Domain.Team.TeamStats::get_DateOf()</Name>
              <FileRef uid="9" />
              <SequencePoints>
                <SequencePoint vc="0" uspid="307" ordinal="1" sl="7" sc="34" el="7" ec="38" />
              </SequencePoints>
            </Method>
            <Method visited="false" isConstructor="false">
              <Name>System.Void Analyzer.Domain.Team.TeamStats::set_DateOf(System.DateTime)</Name>
              <FileRef uid="9" />
              <SequencePoints>
                <SequencePoint vc="0" uspid="308" ordinal="1" sl="7" sc="39" el="7" ec="43" />
              </SequencePoints>
            </Method>
            <Method visited="false" isConstructor="false">
              <Name>System.Int32 Analyzer.Domain.Team.TeamStats::get_TotalCommits()</Name>
              <FileRef uid="9" />
              <SequencePoints>
                <SequencePoint vc="0" uspid="309" ordinal="1" sl="9" sc="35" el="9" ec="39" />
              </SequencePoints>
            </Method>
            <Method visited="false" isConstructor="false">
              <Name>System.Void Analyzer.Domain.Team.TeamStats::set_TotalCommits(System.Int32)</Name>
              <FileRef uid="9" />
              <SequencePoints>
                <SequencePoint vc="0" uspid="310" ordinal="1" sl="9" sc="40" el="9" ec="44" />
              </SequencePoints>
            </Method>
            <Method visited="false" isConstructor="false">
              <Name>System.Int32 Analyzer.Domain.Team.TeamStats::get_ActiveDevelopers()</Name>
              <FileRef uid="9" />
              <SequencePoints>
                <SequencePoint vc="0" uspid="311" ordinal="1" sl="10" sc="39" el="10" ec="43" />
              </SequencePoints>
            </Method>
            <Method visited="false" isConstructor="false">
              <Name>System.Void Analyzer.Domain.Team.TeamStats::set_ActiveDevelopers(System.Int32)</Name>
              <FileRef uid="9" />
              <SequencePoints>
                <SequencePoint vc="0" uspid="312" ordinal="1" sl="10" sc="44" el="10" ec="48" />
              </SequencePoints>
            </Method>
            <Method visited="false" isConstructor="false">
              <Name>System.Double Analyzer.Domain.Team.TeamStats::get_Velocity()</Name>
              <FileRef uid="9" />
              <SequencePoints>
                <SequencePoint vc="0" uspid="313" ordinal="1" sl="12" sc="35" el="12" ec="88" />
              </SequencePoints>
            </Method>
            <Method visited="false" isConstructor="false">
              <Name>System.String Analyzer.Domain.Team.TeamStats::ToString()</Name>
              <FileRef uid="9" />
              <SequencePoints>
                <SequencePoint vc="0" uspid="314" ordinal="1" sl="16" sc="13" el="19" ec="51" />
              </SequencePoints>
            </Method>
            <Method visited="false" isConstructor="false">
              <Name>System.String Analyzer.Domain.Team.TeamStats::PaddedPrint(System.Object,System.Int32)</Name>
              <FileRef uid="9" />
              <SequencePoints>
                <SequencePoint vc="0" uspid="315" ordinal="1" sl="24" sc="13" el="24" ec="63" />
              </SequencePoints>
            </Method>
          </Methods>
        </Class>
        <Class>
          <FullName>Analyzer.Domain.Team.TeamStatsCollection</FullName>
          <Methods>
            <Method visited="false" isConstructor="false">
              <Name>System.Collections.Generic.List`1&lt;Analyzer.Domain.Team.TeamStats&gt; Analyzer.Domain.Team.TeamStatsCollection::get_Stats()</Name>
              <FileRef uid="10" />
              <SequencePoints>
                <SequencePoint vc="0" uspid="316" ordinal="1" sl="9" sc="40" el="9" ec="44" />
              </SequencePoints>
            </Method>
            <Method visited="false" isConstructor="false">
              <Name>System.Collections.Generic.List`1&lt;System.DayOfWeek&gt; Analyzer.Domain.Team.TeamStatsCollection::get_Weekends()</Name>
              <FileRef uid="10" />
              <SequencePoints>
                <SequencePoint vc="0" uspid="317" ordinal="1" sl="10" sc="43" el="10" ec="47" />
              </SequencePoints>
            </Method>
            <Method visited="false" isConstructor="true">
              <Name>System.Void Analyzer.Domain.Team.TeamStatsCollection::.ctor(System.Collections.Generic.List`1&lt;Analyzer.Domain.Team.TeamStats&gt;,System.Collections.Generic.List`1&lt;System.DayOfWeek&gt;)</Name>
              <FileRef uid="10" />
              <SequencePoints>
                <SequencePoint vc="0" uspid="318" ordinal="1" sl="12" sc="9" el="12" ec="84" />
                <SequencePoint vc="0" uspid="319" ordinal="2" sl="14" sc="13" el="14" ec="27" />
[...]
              <Name>System.Void Analyzer.Tests.SourceRepository.SourceControlRepositoryTests/CommitsPerDay::WhenDeveloperActive_ShouldReturnCommitsPerDay()</Name>
              <FileRef uid="18" />
              <SequencePoints>
                <SequencePoint vc="0" uspid="583" ordinal="1" sl="183" sc="17" el="183" ec="125" />
                <SequencePoint vc="0" uspid="584" ordinal="2" sl="183" sc="17" el="183" ec="125" />
                <SequencePoint vc="0" uspid="585" ordinal="3" sl="184" sc="17" el="184" ec="58" />
                <SequencePoint vc="0" uspid="586" ordinal="4" sl="184" sc="17" el="184" ec="58" />
                <SequencePoint vc="0" uspid="587" ordinal="5" sl="186" sc="17" el="191" ec="30" />
                <SequencePoint vc="0" uspid="588" ordinal="6" sl="186" sc="17" el="191" ec="30" />
                <SequencePoint vc="0" uspid="589" ordinal="7" sl="193" sc="17" el="193" ec="58" />
                <SequencePoint vc="0" uspid="590" ordinal="8" sl="193" sc="17" el="193" ec="58" />
                <SequencePoint vc="0" uspid="591" ordinal="9" sl="195" sc="17" el="195" ec="50" />
                <SequencePoint vc="0" uspid="592" ordinal="10" sl="195" sc="17" el="195" ec="50" />
                <SequencePoint vc="0" uspid="593" ordinal="11" sl="196" sc="17" el="196" ec="59" />
                <SequencePoint vc="0" uspid="594" ordinal="12" sl="196" sc="17" el="196" ec="59" />
              </SequencePoints>
            </Method>
            <Method visited="false" isConstructor="false">
              <Name>System.Void Analyzer.Tests.SourceRepository.SourceControlRepositoryTests/CommitsPerDay::WhenDeveloperInactive_ShouldReturnZeroCommitsPerDay()</Name>
              <FileRef uid="18" />
              <SequencePoints>
                <SequencePoint vc="0" uspid="595" ordinal="1" sl="203" sc="17" el="203" ec="109" />
                <SequencePoint vc="0" uspid="596" ordinal="2" sl="203" sc="17" el="203" ec="109" />
                <SequencePoint vc="0" uspid="597" ordinal="3" sl="204" sc="17" el="204" ec="58" />
                <SequencePoint vc="0" uspid="598" ordinal="4" sl="204" sc="17" el="204" ec="58" />
                <SequencePoint vc="0" uspid="599" ordinal="5" sl="206" sc="17" el="209" ec="30" />
                <SequencePoint vc="0" uspid="600" ordinal="6" sl="206" sc="17" el="209" ec="30" />
                <SequencePoint vc="0" uspid="601" ordinal="7" sl="211" sc="17" el="211" ec="58" />
                <SequencePoint vc="0" uspid="602" ordinal="8" sl="211" sc="17" el="211" ec="58" />
                <SequencePoint vc="0" uspid="603" ordinal="9" sl="213" sc="17" el="213" ec="49" />
                <SequencePoint vc="0" uspid="604" ordinal="10" sl="213" sc="17" el="213" ec="49" />
                <SequencePoint vc="0" uspid="605" ordinal="11" sl="214" sc="17" el="214" ec="59" />
                <SequencePoint vc="0" uspid="606" ordinal="12" sl="214" sc="17" el="214" ec="59" />
              </SequencePoints>
            </Method>
          </Methods>
        </Class>
        <Class>
          <FullName>Analyzer.Tests.SourceRepository.SourceControlRepositoryTests/Build_Individual_Developer_Stats</FullName>
          <Methods>
            <Method visited="false" isConstructor="false">
              <Name>System.Void Analyzer.Tests.SourceRepository.SourceControlRepositoryTests/Build_Individual_Developer_Stats::WhenRangeEntireProjectHistory_ShouldReturnStats()</Name>
              <FileRef uid="18" />
              <SequencePoints>
                <SequencePoint vc="0" uspid="607" ordinal="1" sl="225" sc="17" el="225" ec="117" />
                <SequencePoint vc="0" uspid="608" ordinal="2" sl="225" sc="17" el="225" ec="117" />
                <SequencePoint vc="0" uspid="609" ordinal="3" sl="226" sc="17" el="226" ec="58" />
                <SequencePoint vc="0" uspid="610" ordinal="4" sl="226" sc="17" el="226" ec="58" />
                <SequencePoint vc="0" uspid="611" ordinal="5" sl="228" sc="17" el="233" ec="42" />
                <SequencePoint vc="0" uspid="612" ordinal="6" sl="228" sc="17" el="233" ec="42" />
                <SequencePoint vc="0" uspid="613" ordinal="7" sl="235" sc="17" el="235" ec="93" />
                <SequencePoint vc="0" uspid="614" ordinal="8" sl="235" sc="17" el="235" ec="93" />
                <SequencePoint vc="0" uspid="615" ordinal="9" sl="237" sc="17" el="253" ec="19" />
                <SequencePoint vc="0" uspid="616" ordinal="10" sl="237" sc="17" el="253" ec="19" />
                <SequencePoint vc="0" uspid="617" ordinal="11" sl="255" sc="17" el="255" ec="58" />
                <SequencePoint vc="0" uspid="618" ordinal="12" sl="255" sc="17" el="255" ec="58" />
              </SequencePoints>
            </Method>
            <Method visited="false" isConstructor="false">
              <Name>System.Void Analyzer.Tests.SourceRepository.SourceControlRepositoryTests/Build_Individual_Developer_Stats::WhenDeveloperActiveAcrossEntireRange_ShouldReturnStats()</Name>
              <FileRef uid="18" />
              <SequencePoints>
                <SequencePoint vc="0" uspid="619" ordinal="1" sl="262" sc="17" el="262" ec="126" />
                <SequencePoint vc="0" uspid="620" ordinal="2" sl="262" sc="17" el="262" ec="126" />
                <SequencePoint vc="0" uspid="621" ordinal="3" sl="263" sc="17" el="263" ec="58" />
                <SequencePoint vc="0" uspid="622" ordinal="4" sl="263" sc="17" el="263" ec="58" />
                <SequencePoint vc="0" uspid="623" ordinal="5" sl="265" sc="17" el="271" ec="30" />
                <SequencePoint vc="0" uspid="624" ordinal="6" sl="265" sc="17" el="271" ec="30" />
                <SequencePoint vc="0" uspid="625" ordinal="7" sl="273" sc="17" el="273" ec="96" />
                <SequencePoint vc="0" uspid="626" ordinal="8" sl="273" sc="17" el="273" ec="96" />
                <SequencePoint vc="0" uspid="627" ordinal="9" sl="275" sc="17" el="291" ec="19" />
                <SequencePoint vc="0" uspid="628" ordinal="10" sl="275" sc="17" el="291" ec="19" />
                <SequencePoint vc="0" uspid="629" ordinal="11" sl="293" sc="17" el="293" ec="58" />
                <SequencePoint vc="0" uspid="630" ordinal="12" sl="293" sc="17" el="293" ec="58" />
              </SequencePoints>
            </Method>
            <Method visited="false" isConstructor="false">
              <Name>System.Void Analyzer.Tests.SourceRepository.SourceControlRepositoryTests/Build_Individual_Developer_Stats::WhenDeveloperMadeFirstCommit_ShouldReturnStats()</Name>
              <FileRef uid="18" />
              <SequencePoints>
                <SequencePoint vc="0" uspid="631" ordinal="1" sl="300" sc="17" el="300" ec="115" />
                <SequencePoint vc="0" uspid="632" ordinal="2" sl="300" sc="17" el="300" ec="115" />
                <SequencePoint vc="0" uspid="633" ordinal="3" sl="301" sc="17" el="301" ec="67" />
                <SequencePoint vc="0" uspid="634" ordinal="4" sl="301" sc="17" el="301" ec="67" />
                <SequencePoint vc="0" uspid="635" ordinal="5" sl="303" sc="17" el="308" ec="30" />
                <SequencePoint vc="0" uspid="636" ordinal="6" sl="303" sc="17" el="308" ec="30" />
                <SequencePoint vc="0" uspid="637" ordinal="7" sl="310" sc="17" el="310" ec="96" />
                <SequencePoint vc="0" uspid="638" ordinal="8" sl="310" sc="17" el="310" ec="96" />
                <SequencePoint vc="0" uspid="639" ordinal="9" sl="312" sc="17" el="328" ec="19" />
                <SequencePoint vc="0" uspid="640" ordinal="10" sl="312" sc="17" el="328" ec="19" />
                <SequencePoint vc="0" uspid="641" ordinal="11" sl="330" sc="17" el="330" ec="58" />
                <SequencePoint vc="0" uspid="642" ordinal="12" sl="330" sc="17" el="330" ec="58" />
              </SequencePoints>
            </Method>
            <Method visited="false" isConstructor="false">
              <Name>System.Void Analyzer.Tests.SourceRepository.SourceControlRepositoryTests/Build_Individual_Developer_Stats::WhenBranch_ShouldReturnAllActiveDeveloperForBranch()</Name>
              <FileRef uid="18" />
              <SequencePoints>
                <SequencePoint vc="0" uspid="643" ordinal="1" sl="337" sc="17" el="337" ec="118" />
                <SequencePoint vc="0" uspid="644" ordinal="2" sl="337" sc="17" el="337" ec="118" />
                <SequencePoint vc="0" uspid="645" ordinal="3" sl="338" sc="17" el="338" ec="58" />
                <SequencePoint vc="0" uspid="646" ordinal="4" sl="338" sc="17" el="338" ec="58" />
                <SequencePoint vc="0" uspid="647" ordinal="5" sl="340" sc="17" el="344" ec="30" />
                <SequencePoint vc="0" uspid="648" ordinal="6" sl="340" sc="17" el="344" ec="30" />
                <SequencePoint vc="0" uspid="649" ordinal="7" sl="346" sc="17" el="346" ec="93" />
                <SequencePoint vc="0" uspid="650" ordinal="8" sl="346" sc="17" el="346" ec="93" />
                <SequencePoint vc="0" uspid="651" ordinal="9" sl="348" sc="17" el="364" ec="19" />
                <SequencePoint vc="0" uspid="652" ordinal="10" sl="348" sc="17" el="364" ec="19" />
                <SequencePoint vc="0" uspid="653" ordinal="11" sl="365" sc="17" el="365" ec="58" />
                <SequencePoint vc="0" uspid="654" ordinal="12" sl="365" sc="17" el="365" ec="58" />
              </SequencePoints>
            </Method>
            <Method visited="false" isConstructor="false">
              <Name>System.Void Analyzer.Tests.SourceRepository.SourceControlRepositoryTests/Build_Individual_Developer_Stats::WhenFolderIgnored_ShouldIgnoreFilesInFolderWhenCalculatingDeveloperStats()</Name>
              <FileRef uid="18" />
              <SequencePoints>
                <SequencePoint vc="0" uspid="655" ordinal="1" sl="373" sc="17" el="373" ec="115" />
                <SequencePoint vc="0" uspid="656" ordinal="2" sl="373" sc="17" el="373" ec="115" />
                <SequencePoint vc="0" uspid="657" ordinal="3" sl="374" sc="17" el="374" ec="58" />
                <SequencePoint vc="0" uspid="658" ordinal="4" sl="374" sc="17" el="374" ec="58" />
                <SequencePoint vc="0" uspid="659" ordinal="5" sl="376" sc="17" el="380" ec="30" />
                <SequencePoint vc="0" uspid="660" ordinal="6" sl="376" sc="17" el="380" ec="30" />
                <SequencePoint vc="0" uspid="661" ordinal="7" sl="382" sc="17" el="382" ec="96" />
                <SequencePoint vc="0" uspid="662" ordinal="8" sl="382" sc="17" el="382" ec="96" />
                <SequencePoint vc="0" uspid="663" ordinal="9" sl="384" sc="17" el="400" ec="19" />
                <SequencePoint vc="0" uspid="664" ordinal="10" sl="384" sc="17" el="400" ec="19" />
                <SequencePoint vc="0" uspid="665" ordinal="11" sl="401" sc="17" el="401" ec="58" />
                <SequencePoint vc="0" uspid="666" ordinal="12" sl="401" sc="17" el="401" ec="58" />
              </SequencePoints>
            </Method>
            <Method visited="false" isConstructor="false">
              <Name>System.Void Analyzer.Tests.SourceRepository.SourceControlRepositoryTests/Build_Individual_Developer_Stats::WhenEntireHistory_ShouldReturnDeveloperStatsForLifetimeOfBranch()</Name>
              <FileRef uid="18" />
              <SequencePoints>
                <SequencePoint vc="0" uspid="667" ordinal="1" sl="408" sc="17" el="408" ec="115" />
                <SequencePoint vc="0" uspid="668" ordinal="2" sl="408" sc="17" el="408" ec="115" />
                <SequencePoint vc="0" uspid="669" ordinal="3" sl="409" sc="17" el="409" ec="67" />
                <SequencePoint vc="0" uspid="670" ordinal="4" sl="409" sc="17" el="409" ec="67" />
                <SequencePoint vc="0" uspid="671" ordinal="5" sl="411" sc="17" el="414" ec="30" />
                <SequencePoint vc="0" uspid="672" ordinal="6" sl="411" sc="17" el="414" ec="30" />
                <SequencePoint vc="0" uspid="673" ordinal="7" sl="416" sc="17" el="416" ec="96" />
                <SequencePoint vc="0" uspid="674" ordinal="8" sl="416" sc="17" el="416" ec="96" />
                <SequencePoint vc="0" uspid="675" ordinal="9" sl="418" sc="17" el="434" ec="19" />
                <SequencePoint vc="0" uspid="676" ordinal="10" sl="418" sc="17" el="434" ec="19" />
                <SequencePoint vc="0" uspid="677" ordinal="11" sl="435" sc="17" el="435" ec="58" />
                <SequencePoint vc="0" uspid="678" ordinal="12" sl="435" sc="17" el="435" ec="58" />
              </SequencePoints>
            </Method>
            <Method visited="false" isConstructor="false">
              <Name>System.Void Analyzer.Tests.SourceRepository.SourceControlRepositoryTests/Build_Individual_Developer_Stats::WhenUsingAliasMapping_ShouldReturnOneDeveloperStats()</Name>
              <FileRef uid="18" />
              <SequencePoints>
                <SequencePoint vc="0" uspid="679" ordinal="1" sl="444" sc="17" el="446" ec="43" />
                <SequencePoint vc="0" uspid="680" ordinal="2" sl="444" sc="17" el="446" ec="43" />
                <SequencePoint vc="0" uspid="681" ordinal="3" sl="447" sc="17" el="447" ec="67" />
                <SequencePoint vc="0" uspid="682" ordinal="4" sl="447" sc="17" el="447" ec="67" />
                <SequencePoint vc="0" uspid="683" ordinal="5" sl="449" sc="17" el="453" ec="30" />
                <SequencePoint vc="0" uspid="684" ordinal="6" sl="449" sc="17" el="453" ec="30" />
                <SequencePoint vc="0" uspid="685" ordinal="7" sl="455" sc="17" el="455" ec="94" />
                <SequencePoint vc="0" uspid="686" ordinal="8" sl="455" sc="17" el="455" ec="94" />
                <SequencePoint vc="0" uspid="687" ordinal="9" sl="457" sc="17" el="473" ec="19" />
                <SequencePoint vc="0" uspid="688" ordinal="10" sl="457" sc="17" el="473" ec="19" />
                <SequencePoint vc="0" uspid="689" ordinal="11" sl="474" sc="17" el="474" ec="58" />
                <SequencePoint vc="0" uspid="690" ordinal="12" sl="474" sc="17" el="474" ec="58" />
              </SequencePoints>
            </Method>
          </Methods>
        </Class>
        <Class>
          <FullName>Analyzer.Tests.SourceRepository.SourceControlRepositoryTests/Build_Team_Stats</FullName>
          <Methods>
            <Method visited="false" isConstructor="false">
              <Name>System.Void Analyzer.Tests.SourceRepository.SourceControlRepositoryTests/Build_Team_Stats::WhenRangeOneDay_ShouldReturnStats()</Name>
              <FileRef uid="18" />
              <SequencePoints>
                <SequencePoint vc="0" uspid="691" ordinal="1" sl="485" sc="17" el="485" ec="58" />
                <SequencePoint vc="0" uspid="692" ordinal="2" sl="485" sc="17" el="485" ec="58" />
                <SequencePoint vc="0" uspid="693" ordinal="3" sl="487" sc="17" el="492" ec="30" />
                <SequencePoint vc="0" uspid="694" ordinal="4" sl="487" sc="17" el="492" ec="30" />
                <SequencePoint vc="0" uspid="695" ordinal="5" sl="494" sc="17" el="494" ec="53" />
                <SequencePoint vc="0" uspid="696" ordinal="6" sl="494" sc="17" el="494" ec="53" />
                <SequencePoint vc="0" uspid="697" ordinal="7" sl="496" sc="17" el="504" ec="19" />
                <SequencePoint vc="0" uspid="698" ordinal="8" sl="496" sc="17" el="504" ec="19" />
                <SequencePoint vc="0" uspid="699" ordinal="9" sl="506" sc="17" el="506" ec="58" />
                <SequencePoint vc="0" uspid="700" ordinal="10" sl="506" sc="17" el="506" ec="58" />
              </SequencePoints>
            </Method>
            <Method visited="false" isConstructor="false">
              <Name>System.Void Analyzer.Tests.SourceRepository.SourceControlRepositoryTests/Build_Team_Stats::WhenRangeOneWeek_ShouldReturnStats()</Name>
              <FileRef uid="18" />
              <SequencePoints>
                <SequencePoint vc="0" uspid="701" ordinal="1" sl="513" sc="17" el="513" ec="58" />
                <SequencePoint vc="0" uspid="702" ordinal="2" sl="513" sc="17" el="513" ec="58" />
                <SequencePoint vc="0" uspid="703" ordinal="3" sl="515" sc="17" el="520" ec="30" />
                <SequencePoint vc="0" uspid="704" ordinal="4" sl="515" sc="17" el="520" ec="30" />
                <SequencePoint vc="0" uspid="705" ordinal="5" sl="522" sc="17" el="522" ec="53" />
                <SequencePoint vc="0" uspid="706" ordinal="6" sl="522" sc="17" el="522" ec="53" />
                <SequencePoint vc="0" uspid="707" ordinal="7" sl="524" sc="17" el="556" ec="19" />
                <SequencePoint vc="0" uspid="708" ordinal="8" sl="524" sc="17" el="556" ec="19" />
                <SequencePoint vc="0" uspid="709" ordinal="9" sl="558" sc="17" el="558" ec="58" />
                <SequencePoint vc="0" uspid="710" ordinal="10" sl="558" sc="17" el="558" ec="58" />
              </SequencePoints>
            </Method>
          </Methods>
        </Class>
        <Class>
          <FullName>Analyzer.Tests.Team.TeamStatsCollectionTests</FullName>
          <Methods>
            <Method visited="false" isConstructor="false">
              <Name>System.Void Analyzer.Tests.Team.TeamStatsCollectionTests::WorkDays_WhenWeekendsSet_ShouldReturnDaysWithoutWeekends()</Name>
              <FileRef uid="19" />
              <SequencePoints>
                <SequencePoint vc="0" uspid="711" ordinal="1" sl="16" sc="13" el="25" ec="15" />
                <SequencePoint vc="0" uspid="712" ordinal="2" sl="26" sc="13" el="30" ec="15" />
                <SequencePoint vc="0" uspid="713" ordinal="3" sl="32" sc="13" el="32" ec="64" />
                <SequencePoint vc="0" uspid="714" ordinal="4" sl="34" sc="13" el="34" ec="48" />
                <SequencePoint vc="0" uspid="715" ordinal="5" sl="36" sc="13" el="43" ec="15" />
                <SequencePoint vc="0" uspid="716" ordinal="6" sl="44" sc="13" el="44" ec="54" />
              </SequencePoints>
            </Method>
            <Method visited="false" isConstructor="false">
              <Name>System.Void Analyzer.Tests.Team.TeamStatsCollectionTests::WorkDays_WhenWeekendsNotSet_ShouldReturnAllDays()</Name>
              <FileRef uid="19" />
              <SequencePoints>
                <SequencePoint vc="0" uspid="717" ordinal="1" sl="51" sc="13" el="60" ec="15" />
                <SequencePoint vc="0" uspid="718" ordinal="2" sl="62" sc="13" el="62" ec="60" />
                <SequencePoint vc="0" uspid="719" ordinal="3" sl="64" sc="13" el="64" ec="48" />
                <SequencePoint vc="0" uspid="720" ordinal="4" sl="66" sc="13" el="75" ec="15" />
                <SequencePoint vc="0" uspid="721" ordinal="5" sl="76" sc="13" el="76" ec="54" />
              </SequencePoints>
            </Method>
          </Methods>
        </Class>
        <Class>
          <FullName>Analyzer.Tests.Team.TeamStatsTests</FullName>
          <Methods>
            <Method visited="false" isConstructor="false">
              <Name>System.Void Analyzer.Tests.Team.TeamStatsTests::Velocity_WhenTotalCommitsAndActiveDevelopersNonZero_ShouldReturnDivisionToTwoDecimalPlaces()</Name>
              <FileRef uid="20" />
              <SequencePoints>
                <SequencePoint vc="0" uspid="722" ordinal="1" sl="14" sc="13" el="14" ec="78" />
                <SequencePoint vc="0" uspid="723" ordinal="2" sl="16" sc="13" el="16" ec="39" />
                <SequencePoint vc="0" uspid="724" ordinal="3" sl="18" sc="13" el="18" ec="38" />
              </SequencePoints>
            </Method>
          </Methods>
        </Class>
      </Classes>
    </Module>
  </Modules>
</CoverageSession>